client.ts:19 [vite] connecting...
client.ts:175 [vite] connected.
login:1 [DOM] Password field is not contained in a form: (More info: https://goo.gl/9p2vKq) <input placeholder=​"Senha" type=​"password" class=​"sc-gsFSjX eVlGik">​
login:1 [DOM] Password field is not contained in a form: (More info: https://goo.gl/9p2vKq) <input placeholder=​"Senha" type=​"password" class=​"sc-gsFSjX eVlGik">​
VM2231 vitals.js:254 [Web Vitals Extension] LCP 3194 ms (needs-improvement)
VM2231 vitals.js:254 [Web Vitals Extension] FCP 3194 ms (poor)
VM2231 vitals.js:254 [Web Vitals Extension] TTFB 877 ms (needs-improvement)
VM2231 vitals.js:254 [Web Vitals Extension] CLS 0.00 (good)
VM2231 vitals.js:254 [Web Vitals Extension] FID 1 ms (good)
VM2231 vitals.js:254 [Web Vitals Extension] INP 0 ms (good)
apiAuth.js:19 
        
        
       POST http://localhost:3000/api/integrations/auth/signin net::ERR_CONNECTION_REFUSED
login @ apiAuth.js:19
mutationFn @ useLogin.js:9
fn @ chunk-NH5GANFO.js?v=1b134187:1126
run @ chunk-NH5GANFO.js?v=1b134187:433
start @ chunk-NH5GANFO.js?v=1b134187:475
execute @ chunk-NH5GANFO.js?v=1b134187:1162
await in execute (async)
mutate @ chunk-NH5GANFO.js?v=1b134187:2533
(anonymous) @ chunk-NH5GANFO.js?v=1b134187:3107
handleLogin @ LoginSignup.tsx:138
onClick @ LoginSignup.tsx:156
callCallback2 @ chunk-TUNGCKGJ.js?v=1b134187:3674
invokeGuardedCallbackDev @ chunk-TUNGCKGJ.js?v=1b134187:3699
invokeGuardedCallback @ chunk-TUNGCKGJ.js?v=1b134187:3733
invokeGuardedCallbackAndCatchFirstError @ chunk-TUNGCKGJ.js?v=1b134187:3736
executeDispatch @ chunk-TUNGCKGJ.js?v=1b134187:7016
processDispatchQueueItemsInOrder @ chunk-TUNGCKGJ.js?v=1b134187:7036
processDispatchQueue @ chunk-TUNGCKGJ.js?v=1b134187:7045
dispatchEventsForPlugins @ chunk-TUNGCKGJ.js?v=1b134187:7053
(anonymous) @ chunk-TUNGCKGJ.js?v=1b134187:7177
batchedUpdates$1 @ chunk-TUNGCKGJ.js?v=1b134187:18941
batchedUpdates @ chunk-TUNGCKGJ.js?v=1b134187:3579
dispatchEventForPluginEventSystem @ chunk-TUNGCKGJ.js?v=1b134187:7176
dispatchEventWithEnableCapturePhaseSelectiveHydrationWithoutDiscreteEventReplay @ chunk-TUNGCKGJ.js?v=1b134187:5478
dispatchEvent @ chunk-TUNGCKGJ.js?v=1b134187:5472
dispatchDiscreteEvent @ chunk-TUNGCKGJ.js?v=1b134187:5449
Show 21 more frames
Show less
useLogin.js:17 ERROR TypeError: Failed to fetch
    at login (apiAuth.js:19:26)
    at Object.mutationFn (useLogin.js:9:23)
    at Object.fn (chunk-NH5GANFO.js?v=1b134187:1126:29)
    at run (chunk-NH5GANFO.js?v=1b134187:433:31)
    at Object.start (chunk-NH5GANFO.js?v=1b134187:475:9)
    at _a6.execute (chunk-NH5GANFO.js?v=1b134187:1162:56)
apiAuth.js:19 
        
        
       POST http://localhost:3000/api/integrations/auth/signin net::ERR_CONNECTION_REFUSED
login @ apiAuth.js:19
mutationFn @ useLogin.js:9
fn @ chunk-NH5GANFO.js?v=1b134187:1126
run @ chunk-NH5GANFO.js?v=1b134187:433
start @ chunk-NH5GANFO.js?v=1b134187:475
execute @ chunk-NH5GANFO.js?v=1b134187:1162
await in execute (async)
mutate @ chunk-NH5GANFO.js?v=1b134187:2533
(anonymous) @ chunk-NH5GANFO.js?v=1b134187:3107
handleLogin @ LoginSignup.tsx:138
onClick @ LoginSignup.tsx:156
callCallback2 @ chunk-TUNGCKGJ.js?v=1b134187:3674
invokeGuardedCallbackDev @ chunk-TUNGCKGJ.js?v=1b134187:3699
invokeGuardedCallback @ chunk-TUNGCKGJ.js?v=1b134187:3733
invokeGuardedCallbackAndCatchFirstError @ chunk-TUNGCKGJ.js?v=1b134187:3736
executeDispatch @ chunk-TUNGCKGJ.js?v=1b134187:7016
processDispatchQueueItemsInOrder @ chunk-TUNGCKGJ.js?v=1b134187:7036
processDispatchQueue @ chunk-TUNGCKGJ.js?v=1b134187:7045
dispatchEventsForPlugins @ chunk-TUNGCKGJ.js?v=1b134187:7053
(anonymous) @ chunk-TUNGCKGJ.js?v=1b134187:7177
batchedUpdates$1 @ chunk-TUNGCKGJ.js?v=1b134187:18941
batchedUpdates @ chunk-TUNGCKGJ.js?v=1b134187:3579
dispatchEventForPluginEventSystem @ chunk-TUNGCKGJ.js?v=1b134187:7176
dispatchEventWithEnableCapturePhaseSelectiveHydrationWithoutDiscreteEventReplay @ chunk-TUNGCKGJ.js?v=1b134187:5478
dispatchEvent @ chunk-TUNGCKGJ.js?v=1b134187:5472
dispatchDiscreteEvent @ chunk-TUNGCKGJ.js?v=1b134187:5449
Show 21 more frames
Show less
useLogin.js:17 ERROR TypeError: Failed to fetch
    at login (apiAuth.js:19:26)
    at Object.mutationFn (useLogin.js:9:23)
    at Object.fn (chunk-NH5GANFO.js?v=1b134187:1126:29)
    at run (chunk-NH5GANFO.js?v=1b134187:433:31)
    at Object.start (chunk-NH5GANFO.js?v=1b134187:475:9)
    at _a6.execute (chunk-NH5GANFO.js?v=1b134187:1162:56)
VM2231 vitals.js:254 [Web Vitals Extension] INP 48 ms (good)
VM2231 vitals.js:254 [Web Vitals Extension] Interaction 48 ms (good)
VM2231 vitals.js:254 [Web Vitals Extension] Interaction 16 ms (good)
VM2231 vitals.js:254 [Web Vitals Extension] Interaction 16 ms (good)
VM2231 vitals.js:254 [Web Vitals Extension] Interaction 16 ms (good)
VM2231 vitals.js:254 [Web Vitals Extension] Interaction 24 ms (good)
VM2231 vitals.js:254 [Web Vitals Extension] Interaction 24 ms (good)
VM2231 vitals.js:254 [Web Vitals Extension] Interaction 24 ms (good)
VM2231 vitals.js:254 [Web Vitals Extension] Interaction 16 ms (good)
VM2231 vitals.js:254 [Web Vitals Extension] Interaction 24 ms (good)
VM2231 vitals.js:254 [Web Vitals Extension] Interaction 16 ms (good)
VM2231 vitals.js:254 [Web Vitals Extension] Interaction 16 ms (good)
VM2231 vitals.js:254 [Web Vitals Extension] Interaction 16 ms (good)
VM2231 vitals.js:254 [Web Vitals Extension] Interaction 32 ms (good)
VM2231 vitals.js:254 [Web Vitals Extension] Interaction 32 ms (good)
VM2231 vitals.js:254 [Web Vitals Extension] Interaction 32 ms (good)
VM2231 vitals.js:254 [Web Vitals Extension] Interaction 24 ms (good)
VM2231 vitals.js:254 [Web Vitals Extension] Interaction 24 ms (good)
VM2231 vitals.js:254 [Web Vitals Extension] Interaction 24 ms (good)
VM2231 vitals.js:254 [Web Vitals Extension] Interaction 16 ms (good)
VM2231 vitals.js:254 [Web Vitals Extension] Interaction 16 ms (good)
VM2231 vitals.js:254 [Web Vitals Extension] Interaction 24 ms (good)
VM2231 vitals.js:254 [Web Vitals Extension] Interaction 24 ms (good)
VM2231 vitals.js:254 [Web Vitals Extension] Interaction 24 ms (good)
VM2231 vitals.js:254 [Web Vitals Extension] Interaction 16 ms (good)
VM2231 vitals.js:254 [Web Vitals Extension] Interaction 32 ms (good)
VM2231 vitals.js:254 [Web Vitals Extension] Interaction 24 ms (good)
VM2231 vitals.js:254 [Web Vitals Extension] Interaction 24 ms (good)
VM2231 vitals.js:254 [Web Vitals Extension] Interaction 24 ms (good)
VM2231 vitals.js:254 [Web Vitals Extension] Interaction 32 ms (good)
VM2231 vitals.js:254 [Web Vitals Extension] Interaction 16 ms (good)
VM2231 vitals.js:254 [Web Vitals Extension] Interaction 16 ms (good)
apiAssignors.js:40 
        
        
       POST http://localhost:3000/api/integrations/assignor 400 (Bad Request)
createAssignor @ apiAssignors.js:40
await in createAssignor (async)
fn @ chunk-NH5GANFO.js?v=1b134187:1126
run @ chunk-NH5GANFO.js?v=1b134187:433
start @ chunk-NH5GANFO.js?v=1b134187:475
execute @ chunk-NH5GANFO.js?v=1b134187:1162
await in execute (async)
mutate @ chunk-NH5GANFO.js?v=1b134187:2533
(anonymous) @ chunk-NH5GANFO.js?v=1b134187:3107
onSubmit @ CreateAssignorForm.tsx:41
(anonymous) @ react-hook-form.js?v=1b134187:1637
await in (anonymous) (async)
callCallback2 @ chunk-TUNGCKGJ.js?v=1b134187:3674
invokeGuardedCallbackDev @ chunk-TUNGCKGJ.js?v=1b134187:3699
invokeGuardedCallback @ chunk-TUNGCKGJ.js?v=1b134187:3733
invokeGuardedCallbackAndCatchFirstError @ chunk-TUNGCKGJ.js?v=1b134187:3736
executeDispatch @ chunk-TUNGCKGJ.js?v=1b134187:7016
processDispatchQueueItemsInOrder @ chunk-TUNGCKGJ.js?v=1b134187:7036
processDispatchQueue @ chunk-TUNGCKGJ.js?v=1b134187:7045
dispatchEventsForPlugins @ chunk-TUNGCKGJ.js?v=1b134187:7053
(anonymous) @ chunk-TUNGCKGJ.js?v=1b134187:7177
batchedUpdates$1 @ chunk-TUNGCKGJ.js?v=1b134187:18941
batchedUpdates @ chunk-TUNGCKGJ.js?v=1b134187:3579
dispatchEventForPluginEventSystem @ chunk-TUNGCKGJ.js?v=1b134187:7176
dispatchEventWithEnableCapturePhaseSelectiveHydrationWithoutDiscreteEventReplay @ chunk-TUNGCKGJ.js?v=1b134187:5478
dispatchEvent @ chunk-TUNGCKGJ.js?v=1b134187:5472
dispatchDiscreteEvent @ chunk-TUNGCKGJ.js?v=1b134187:5449
Show 22 more frames
Show less
apiAssignors.js:55 Error creating assignor: Cannot read properties of undefined (reading 'json')
overrideMethod @ console.js:273
createAssignor @ apiAssignors.js:55
await in createAssignor (async)
fn @ chunk-NH5GANFO.js?v=1b134187:1126
run @ chunk-NH5GANFO.js?v=1b134187:433
start @ chunk-NH5GANFO.js?v=1b134187:475
execute @ chunk-NH5GANFO.js?v=1b134187:1162
await in execute (async)
mutate @ chunk-NH5GANFO.js?v=1b134187:2533
(anonymous) @ chunk-NH5GANFO.js?v=1b134187:3107
onSubmit @ CreateAssignorForm.tsx:41
(anonymous) @ react-hook-form.js?v=1b134187:1637
await in (anonymous) (async)
callCallback2 @ chunk-TUNGCKGJ.js?v=1b134187:3674
invokeGuardedCallbackDev @ chunk-TUNGCKGJ.js?v=1b134187:3699
invokeGuardedCallback @ chunk-TUNGCKGJ.js?v=1b134187:3733
invokeGuardedCallbackAndCatchFirstError @ chunk-TUNGCKGJ.js?v=1b134187:3736
executeDispatch @ chunk-TUNGCKGJ.js?v=1b134187:7016
processDispatchQueueItemsInOrder @ chunk-TUNGCKGJ.js?v=1b134187:7036
processDispatchQueue @ chunk-TUNGCKGJ.js?v=1b134187:7045
dispatchEventsForPlugins @ chunk-TUNGCKGJ.js?v=1b134187:7053
(anonymous) @ chunk-TUNGCKGJ.js?v=1b134187:7177
batchedUpdates$1 @ chunk-TUNGCKGJ.js?v=1b134187:18941
batchedUpdates @ chunk-TUNGCKGJ.js?v=1b134187:3579
dispatchEventForPluginEventSystem @ chunk-TUNGCKGJ.js?v=1b134187:7176
dispatchEventWithEnableCapturePhaseSelectiveHydrationWithoutDiscreteEventReplay @ chunk-TUNGCKGJ.js?v=1b134187:5478
dispatchEvent @ chunk-TUNGCKGJ.js?v=1b134187:5472
dispatchDiscreteEvent @ chunk-TUNGCKGJ.js?v=1b134187:5449
Show 23 more frames
Show less
apiAssignors.js:56 undefined
VM2231 vitals.js:254 [Web Vitals Extension] Interaction 16 ms (good)
hmr.ts:316 [vite] hot updated: /src/features/assignor/AssignorTable.tsx
hmr.ts:316 [vite] hot updated: /src/features/assignor/CreateAssignorForm.tsx
apiAssignors.js?t=1716586204374:40 
        
        
       POST http://localhost:3000/api/integrations/assignor 400 (Bad Request)
createAssignor @ apiAssignors.js?t=1716586204374:40
await in createAssignor (async)
fn @ chunk-NH5GANFO.js?v=1b134187:1126
run @ chunk-NH5GANFO.js?v=1b134187:433
start @ chunk-NH5GANFO.js?v=1b134187:475
execute @ chunk-NH5GANFO.js?v=1b134187:1162
await in execute (async)
mutate @ chunk-NH5GANFO.js?v=1b134187:2533
(anonymous) @ chunk-NH5GANFO.js?v=1b134187:3107
onSubmit @ CreateAssignorForm.tsx:41
(anonymous) @ react-hook-form.js?v=1b134187:1637
await in (anonymous) (async)
callCallback2 @ chunk-TUNGCKGJ.js?v=1b134187:3674
invokeGuardedCallbackDev @ chunk-TUNGCKGJ.js?v=1b134187:3699
invokeGuardedCallback @ chunk-TUNGCKGJ.js?v=1b134187:3733
invokeGuardedCallbackAndCatchFirstError @ chunk-TUNGCKGJ.js?v=1b134187:3736
executeDispatch @ chunk-TUNGCKGJ.js?v=1b134187:7016
processDispatchQueueItemsInOrder @ chunk-TUNGCKGJ.js?v=1b134187:7036
processDispatchQueue @ chunk-TUNGCKGJ.js?v=1b134187:7045
dispatchEventsForPlugins @ chunk-TUNGCKGJ.js?v=1b134187:7053
(anonymous) @ chunk-TUNGCKGJ.js?v=1b134187:7177
batchedUpdates$1 @ chunk-TUNGCKGJ.js?v=1b134187:18941
batchedUpdates @ chunk-TUNGCKGJ.js?v=1b134187:3579
dispatchEventForPluginEventSystem @ chunk-TUNGCKGJ.js?v=1b134187:7176
dispatchEventWithEnableCapturePhaseSelectiveHydrationWithoutDiscreteEventReplay @ chunk-TUNGCKGJ.js?v=1b134187:5478
dispatchEvent @ chunk-TUNGCKGJ.js?v=1b134187:5472
dispatchDiscreteEvent @ chunk-TUNGCKGJ.js?v=1b134187:5449
Show 22 more frames
Show less
apiAssignors.js?t=1716586204374:55 Error creating assignor: Cannot read properties of undefined (reading 'json')
overrideMethod @ console.js:273
createAssignor @ apiAssignors.js?t=1716586204374:55
await in createAssignor (async)
fn @ chunk-NH5GANFO.js?v=1b134187:1126
run @ chunk-NH5GANFO.js?v=1b134187:433
start @ chunk-NH5GANFO.js?v=1b134187:475
execute @ chunk-NH5GANFO.js?v=1b134187:1162
await in execute (async)
mutate @ chunk-NH5GANFO.js?v=1b134187:2533
(anonymous) @ chunk-NH5GANFO.js?v=1b134187:3107
onSubmit @ CreateAssignorForm.tsx:41
(anonymous) @ react-hook-form.js?v=1b134187:1637
await in (anonymous) (async)
callCallback2 @ chunk-TUNGCKGJ.js?v=1b134187:3674
invokeGuardedCallbackDev @ chunk-TUNGCKGJ.js?v=1b134187:3699
invokeGuardedCallback @ chunk-TUNGCKGJ.js?v=1b134187:3733
invokeGuardedCallbackAndCatchFirstError @ chunk-TUNGCKGJ.js?v=1b134187:3736
executeDispatch @ chunk-TUNGCKGJ.js?v=1b134187:7016
processDispatchQueueItemsInOrder @ chunk-TUNGCKGJ.js?v=1b134187:7036
processDispatchQueue @ chunk-TUNGCKGJ.js?v=1b134187:7045
dispatchEventsForPlugins @ chunk-TUNGCKGJ.js?v=1b134187:7053
(anonymous) @ chunk-TUNGCKGJ.js?v=1b134187:7177
batchedUpdates$1 @ chunk-TUNGCKGJ.js?v=1b134187:18941
batchedUpdates @ chunk-TUNGCKGJ.js?v=1b134187:3579
dispatchEventForPluginEventSystem @ chunk-TUNGCKGJ.js?v=1b134187:7176
dispatchEventWithEnableCapturePhaseSelectiveHydrationWithoutDiscreteEventReplay @ chunk-TUNGCKGJ.js?v=1b134187:5478
dispatchEvent @ chunk-TUNGCKGJ.js?v=1b134187:5472
dispatchDiscreteEvent @ chunk-TUNGCKGJ.js?v=1b134187:5449
Show 23 more frames
Show less
apiAssignors.js?t=1716586204374:56 TypeError: Cannot read properties of undefined (reading 'json')
    at Object.createAssignor [as mutationFn] (apiAssignors.js?t=1716586204374:41:32)
VM2231 vitals.js:254 [Web Vitals Extension] Interaction 24 ms (good)
hmr.ts:316 [vite] hot updated: /src/features/assignor/AssignorTable.tsx
hmr.ts:316 [vite] hot updated: /src/features/assignor/CreateAssignorForm.tsx
hmr.ts:316 [vite] hot updated: /src/features/assignor/AssignorTable.tsx
hmr.ts:316 [vite] hot updated: /src/features/assignor/CreateAssignorForm.tsx
apiAssignors.js?t=1716586257954:40 
        
        
       POST http://localhost:3000/api/integrations/assignor 400 (Bad Request)
createAssignor @ apiAssignors.js?t=1716586257954:40
await in createAssignor (async)
fn @ chunk-NH5GANFO.js?v=1b134187:1126
run @ chunk-NH5GANFO.js?v=1b134187:433
start @ chunk-NH5GANFO.js?v=1b134187:475
execute @ chunk-NH5GANFO.js?v=1b134187:1162
await in execute (async)
mutate @ chunk-NH5GANFO.js?v=1b134187:2533
(anonymous) @ chunk-NH5GANFO.js?v=1b134187:3107
onSubmit @ CreateAssignorForm.tsx:41
(anonymous) @ react-hook-form.js?v=1b134187:1637
await in (anonymous) (async)
callCallback2 @ chunk-TUNGCKGJ.js?v=1b134187:3674
invokeGuardedCallbackDev @ chunk-TUNGCKGJ.js?v=1b134187:3699
invokeGuardedCallback @ chunk-TUNGCKGJ.js?v=1b134187:3733
invokeGuardedCallbackAndCatchFirstError @ chunk-TUNGCKGJ.js?v=1b134187:3736
executeDispatch @ chunk-TUNGCKGJ.js?v=1b134187:7016
processDispatchQueueItemsInOrder @ chunk-TUNGCKGJ.js?v=1b134187:7036
processDispatchQueue @ chunk-TUNGCKGJ.js?v=1b134187:7045
dispatchEventsForPlugins @ chunk-TUNGCKGJ.js?v=1b134187:7053
(anonymous) @ chunk-TUNGCKGJ.js?v=1b134187:7177
batchedUpdates$1 @ chunk-TUNGCKGJ.js?v=1b134187:18941
batchedUpdates @ chunk-TUNGCKGJ.js?v=1b134187:3579
dispatchEventForPluginEventSystem @ chunk-TUNGCKGJ.js?v=1b134187:7176
dispatchEventWithEnableCapturePhaseSelectiveHydrationWithoutDiscreteEventReplay @ chunk-TUNGCKGJ.js?v=1b134187:5478
dispatchEvent @ chunk-TUNGCKGJ.js?v=1b134187:5472
dispatchDiscreteEvent @ chunk-TUNGCKGJ.js?v=1b134187:5449
Show 22 more frames
Show less
apiAssignors.js?t=1716586257954:49 Error creating assignor: Cannot read properties of undefined (reading 'ok')
overrideMethod @ console.js:273
createAssignor @ apiAssignors.js?t=1716586257954:49
await in createAssignor (async)
fn @ chunk-NH5GANFO.js?v=1b134187:1126
run @ chunk-NH5GANFO.js?v=1b134187:433
start @ chunk-NH5GANFO.js?v=1b134187:475
execute @ chunk-NH5GANFO.js?v=1b134187:1162
await in execute (async)
mutate @ chunk-NH5GANFO.js?v=1b134187:2533
(anonymous) @ chunk-NH5GANFO.js?v=1b134187:3107
onSubmit @ CreateAssignorForm.tsx:41
(anonymous) @ react-hook-form.js?v=1b134187:1637
await in (anonymous) (async)
callCallback2 @ chunk-TUNGCKGJ.js?v=1b134187:3674
invokeGuardedCallbackDev @ chunk-TUNGCKGJ.js?v=1b134187:3699
invokeGuardedCallback @ chunk-TUNGCKGJ.js?v=1b134187:3733
invokeGuardedCallbackAndCatchFirstError @ chunk-TUNGCKGJ.js?v=1b134187:3736
executeDispatch @ chunk-TUNGCKGJ.js?v=1b134187:7016
processDispatchQueueItemsInOrder @ chunk-TUNGCKGJ.js?v=1b134187:7036
processDispatchQueue @ chunk-TUNGCKGJ.js?v=1b134187:7045
dispatchEventsForPlugins @ chunk-TUNGCKGJ.js?v=1b134187:7053
(anonymous) @ chunk-TUNGCKGJ.js?v=1b134187:7177
batchedUpdates$1 @ chunk-TUNGCKGJ.js?v=1b134187:18941
batchedUpdates @ chunk-TUNGCKGJ.js?v=1b134187:3579
dispatchEventForPluginEventSystem @ chunk-TUNGCKGJ.js?v=1b134187:7176
dispatchEventWithEnableCapturePhaseSelectiveHydrationWithoutDiscreteEventReplay @ chunk-TUNGCKGJ.js?v=1b134187:5478
dispatchEvent @ chunk-TUNGCKGJ.js?v=1b134187:5472
dispatchDiscreteEvent @ chunk-TUNGCKGJ.js?v=1b134187:5449
Show 23 more frames
Show less
apiAssignors.js?t=1716586257954:50 TypeError: Cannot read properties of undefined (reading 'ok')
    at Object.createAssignor [as mutationFn] (apiAssignors.js?t=1716586257954:42:19)
VM2231 vitals.js:254 [Web Vitals Extension] Interaction 24 ms (good)
hmr.ts:316 [vite] hot updated: /src/features/assignor/AssignorTable.tsx
hmr.ts:316 [vite] hot updated: /src/features/assignor/CreateAssignorForm.tsx
hmr.ts:316 [vite] hot updated: /src/features/assignor/AssignorTable.tsx
hmr.ts:316 [vite] hot updated: /src/features/assignor/CreateAssignorForm.tsx
apiAssignors.js?t=1716586279691:40 
        
        
       POST http://localhost:3000/api/integrations/assignor 400 (Bad Request)
createAssignor @ apiAssignors.js?t=1716586279691:40
await in createAssignor (async)
fn @ chunk-NH5GANFO.js?v=1b134187:1126
run @ chunk-NH5GANFO.js?v=1b134187:433
start @ chunk-NH5GANFO.js?v=1b134187:475
execute @ chunk-NH5GANFO.js?v=1b134187:1162
await in execute (async)
mutate @ chunk-NH5GANFO.js?v=1b134187:2533
(anonymous) @ chunk-NH5GANFO.js?v=1b134187:3107
onSubmit @ CreateAssignorForm.tsx:41
(anonymous) @ react-hook-form.js?v=1b134187:1637
await in (anonymous) (async)
callCallback2 @ chunk-TUNGCKGJ.js?v=1b134187:3674
invokeGuardedCallbackDev @ chunk-TUNGCKGJ.js?v=1b134187:3699
invokeGuardedCallback @ chunk-TUNGCKGJ.js?v=1b134187:3733
invokeGuardedCallbackAndCatchFirstError @ chunk-TUNGCKGJ.js?v=1b134187:3736
executeDispatch @ chunk-TUNGCKGJ.js?v=1b134187:7016
processDispatchQueueItemsInOrder @ chunk-TUNGCKGJ.js?v=1b134187:7036
processDispatchQueue @ chunk-TUNGCKGJ.js?v=1b134187:7045
dispatchEventsForPlugins @ chunk-TUNGCKGJ.js?v=1b134187:7053
(anonymous) @ chunk-TUNGCKGJ.js?v=1b134187:7177
batchedUpdates$1 @ chunk-TUNGCKGJ.js?v=1b134187:18941
batchedUpdates @ chunk-TUNGCKGJ.js?v=1b134187:3579
dispatchEventForPluginEventSystem @ chunk-TUNGCKGJ.js?v=1b134187:7176
dispatchEventWithEnableCapturePhaseSelectiveHydrationWithoutDiscreteEventReplay @ chunk-TUNGCKGJ.js?v=1b134187:5478
dispatchEvent @ chunk-TUNGCKGJ.js?v=1b134187:5472
dispatchDiscreteEvent @ chunk-TUNGCKGJ.js?v=1b134187:5449
Show 22 more frames
Show less
apiAssignors.js?t=1716586279691:44 {message: 'Bad Request Exception', error: 'Bad Request', statusCode: 400}
apiAssignors.js?t=1716586279691:49 Error creating assignor: HTTP error! Status: 400
overrideMethod @ console.js:273
createAssignor @ apiAssignors.js?t=1716586279691:49
await in createAssignor (async)
fn @ chunk-NH5GANFO.js?v=1b134187:1126
run @ chunk-NH5GANFO.js?v=1b134187:433
start @ chunk-NH5GANFO.js?v=1b134187:475
execute @ chunk-NH5GANFO.js?v=1b134187:1162
await in execute (async)
mutate @ chunk-NH5GANFO.js?v=1b134187:2533
(anonymous) @ chunk-NH5GANFO.js?v=1b134187:3107
onSubmit @ CreateAssignorForm.tsx:41
(anonymous) @ react-hook-form.js?v=1b134187:1637
await in (anonymous) (async)
callCallback2 @ chunk-TUNGCKGJ.js?v=1b134187:3674
invokeGuardedCallbackDev @ chunk-TUNGCKGJ.js?v=1b134187:3699
invokeGuardedCallback @ chunk-TUNGCKGJ.js?v=1b134187:3733
invokeGuardedCallbackAndCatchFirstError @ chunk-TUNGCKGJ.js?v=1b134187:3736
executeDispatch @ chunk-TUNGCKGJ.js?v=1b134187:7016
processDispatchQueueItemsInOrder @ chunk-TUNGCKGJ.js?v=1b134187:7036
processDispatchQueue @ chunk-TUNGCKGJ.js?v=1b134187:7045
dispatchEventsForPlugins @ chunk-TUNGCKGJ.js?v=1b134187:7053
(anonymous) @ chunk-TUNGCKGJ.js?v=1b134187:7177
batchedUpdates$1 @ chunk-TUNGCKGJ.js?v=1b134187:18941
batchedUpdates @ chunk-TUNGCKGJ.js?v=1b134187:3579
dispatchEventForPluginEventSystem @ chunk-TUNGCKGJ.js?v=1b134187:7176
dispatchEventWithEnableCapturePhaseSelectiveHydrationWithoutDiscreteEventReplay @ chunk-TUNGCKGJ.js?v=1b134187:5478
dispatchEvent @ chunk-TUNGCKGJ.js?v=1b134187:5472
dispatchDiscreteEvent @ chunk-TUNGCKGJ.js?v=1b134187:5449
Show 23 more frames
Show less
apiAssignors.js?t=1716586279691:50 Error: HTTP error! Status: 400
    at Object.createAssignor [as mutationFn] (apiAssignors.js?t=1716586279691:45:13)
VM2231 vitals.js:254 [Web Vitals Extension] Interaction 32 ms (good)
hmr.ts:316 [vite] hot updated: /src/features/assignor/AssignorTable.tsx
hmr.ts:316 [vite] hot updated: /src/features/assignor/CreateAssignorForm.tsx
apiAssignors.js:40 
        
        
       POST http://localhost:3000/api/integrations/assignor 400 (Bad Request)
createAssignor @ apiAssignors.js:40
await in createAssignor (async)
fn @ chunk-NH5GANFO.js?v=1b134187:1126
run @ chunk-NH5GANFO.js?v=1b134187:433
start @ chunk-NH5GANFO.js?v=1b134187:475
execute @ chunk-NH5GANFO.js?v=1b134187:1162
await in execute (async)
mutate @ chunk-NH5GANFO.js?v=1b134187:2533
(anonymous) @ chunk-NH5GANFO.js?v=1b134187:3107
onSubmit @ CreateAssignorForm.tsx:41
(anonymous) @ react-hook-form.js?v=1b134187:1637
await in (anonymous) (async)
callCallback2 @ chunk-TUNGCKGJ.js?v=1b134187:3674
invokeGuardedCallbackDev @ chunk-TUNGCKGJ.js?v=1b134187:3699
invokeGuardedCallback @ chunk-TUNGCKGJ.js?v=1b134187:3733
invokeGuardedCallbackAndCatchFirstError @ chunk-TUNGCKGJ.js?v=1b134187:3736
executeDispatch @ chunk-TUNGCKGJ.js?v=1b134187:7016
processDispatchQueueItemsInOrder @ chunk-TUNGCKGJ.js?v=1b134187:7036
processDispatchQueue @ chunk-TUNGCKGJ.js?v=1b134187:7045
dispatchEventsForPlugins @ chunk-TUNGCKGJ.js?v=1b134187:7053
(anonymous) @ chunk-TUNGCKGJ.js?v=1b134187:7177
batchedUpdates$1 @ chunk-TUNGCKGJ.js?v=1b134187:18941
batchedUpdates @ chunk-TUNGCKGJ.js?v=1b134187:3579
dispatchEventForPluginEventSystem @ chunk-TUNGCKGJ.js?v=1b134187:7176
dispatchEventWithEnableCapturePhaseSelectiveHydrationWithoutDiscreteEventReplay @ chunk-TUNGCKGJ.js?v=1b134187:5478
dispatchEvent @ chunk-TUNGCKGJ.js?v=1b134187:5472
dispatchDiscreteEvent @ chunk-TUNGCKGJ.js?v=1b134187:5449
Show 22 more frames
Show less
apiAssignors.js:41 Response {type: 'cors', url: 'http://localhost:3000/api/integrations/assignor', redirected: false, status: 400, ok: false, …}body: ReadableStreamlocked: true[[Prototype]]: ReadableStreambodyUsed: trueheaders: Headers[[Prototype]]: Headersok: falseredirected: falsestatus: 400statusText: "Bad Request"type: "cors"url: "http://localhost:3000/api/integrations/assignor"[[Prototype]]: ResponsearrayBuffer: ƒ arrayBuffer()length: 0name: "arrayBuffer"arguments: (...)caller: (...)[[Prototype]]: ƒ ()[[Scopes]]: Scopes[0]No propertiesblob: ƒ blob()length: 0name: "blob"arguments: (...)caller: (...)[[Prototype]]: ƒ ()[[Scopes]]: Scopes[0]No propertiesbody: (...)bodyUsed: (...)clone: ƒ clone()length: 0name: "clone"arguments: (...)caller: (...)[[Prototype]]: ƒ ()[[Scopes]]: Scopes[0]No propertiesformData: ƒ formData()length: 0name: "formData"arguments: (...)caller: (...)[[Prototype]]: ƒ ()[[Scopes]]: Scopes[0]No propertiesheaders: (...)json: ƒ json()length: 0name: "json"arguments: (...)caller: (...)[[Prototype]]: ƒ ()[[Scopes]]: Scopes[0]No propertiesok: (...)redirected: (...)status: (...)statusText: (...)text: ƒ text()length: 0name: "text"arguments: (...)caller: (...)[[Prototype]]: ƒ ()[[Scopes]]: Scopes[0]No propertiestype: (...)url: (...)constructor: ƒ Response()error: ƒ error()length: 0name: "error"arguments: (...)caller: (...)[[Prototype]]: ƒ ()[[Scopes]]: Scopes[0]No propertiesjson: ƒ json()length: 1name: "json"arguments: (...)caller: (...)[[Prototype]]: ƒ ()[[Scopes]]: Scopes[0]No propertiesredirect: ƒ redirect()length: 1name: "redirect"arguments: (...)caller: (...)[[Prototype]]: ƒ ()[[Scopes]]: Scopes[0]No propertiesarguments: nullcaller: nulllength: 0name: "Response"prototype: ResponsearrayBuffer: ƒ arrayBuffer()length: 0name: "arrayBuffer"arguments: (...)caller: (...)[[Prototype]]: ƒ ()[[Scopes]]: Scopes[0]No propertiesblob: ƒ blob()length: 0name: "blob"arguments: (...)caller: (...)[[Prototype]]: ƒ ()[[Scopes]]: Scopes[0]No propertiesbody: (...)bodyUsed: (...)clone: ƒ clone()length: 0name: "clone"arguments: (...)caller: (...)[[Prototype]]: ƒ ()[[Scopes]]: Scopes[0]No propertiesformData: ƒ formData()length: 0name: "formData"arguments: (...)caller: (...)[[Prototype]]: ƒ ()[[Scopes]]: Scopes[0]No propertiesheaders: (...)json: ƒ json()length: 0name: "json"arguments: (...)caller: (...)[[Prototype]]: ƒ ()[[Scopes]]: Scopes[0]No propertiesok: (...)redirected: (...)status: (...)statusText: (...)text: ƒ text()length: 0name: "text"arguments: (...)caller: (...)[[Prototype]]: ƒ ()[[Scopes]]: Scopes[0]No propertiestype: (...)url: (...)constructor: ƒ Response()error: ƒ error()length: 0name: "error"arguments: (...)caller: (...)[[Prototype]]: ƒ ()[[Scopes]]: Scopes[0]No propertiesjson: ƒ json()length: 1name: "json"arguments: (...)caller: (...)[[Prototype]]: ƒ ()[[Scopes]]: Scopes[0]No propertiesredirect: ƒ redirect()length: 1name: "redirect"arguments: (...)caller: (...)[[Prototype]]: ƒ ()[[Scopes]]: Scopes[0]No propertiesarguments: nullcaller: nulllength: 0name: "Response"prototype: ResponsearrayBuffer: ƒ arrayBuffer()length: 0name: "arrayBuffer"arguments: (...)caller: (...)[[Prototype]]: ƒ ()[[Scopes]]: Scopes[0]No propertiesblob: ƒ blob()length: 0name: "blob"arguments: (...)caller: (...)[[Prototype]]: ƒ ()[[Scopes]]: Scopes[0]No propertiesbody: (...)bodyUsed: (...)clone: ƒ clone()length: 0name: "clone"arguments: (...)caller: (...)[[Prototype]]: ƒ ()[[Scopes]]: Scopes[0]No propertiesformData: ƒ formData()length: 0name: "formData"arguments: (...)caller: (...)[[Prototype]]: ƒ ()[[Scopes]]: Scopes[0]No propertiesheaders: (...)json: ƒ json()length: 0name: "json"arguments: (...)caller: (...)[[Prototype]]: ƒ ()[[Scopes]]: Scopes[0]No propertiesok: (...)redirected: (...)status: (...)statusText: (...)text: ƒ text()length: 0name: "text"arguments: (...)caller: (...)[[Prototype]]: ƒ ()[[Scopes]]: Scopes[0]No propertiestype: (...)url: (...)constructor: ƒ Response()error: ƒ error()length: 0name: "error"arguments: (...)caller: (...)[[Prototype]]: ƒ ()[[Scopes]]: Scopes[0]No propertiesjson: ƒ json()length: 1name: "json"arguments: (...)caller: (...)[[Prototype]]: ƒ ()[[Scopes]]: Scopes[0]No propertiesredirect: ƒ redirect()length: 1name: "redirect"arguments: (...)caller: (...)[[Prototype]]: ƒ ()[[Scopes]]: Scopes[0]No propertiesarguments: nullcaller: nulllength: 0name: "Response"prototype: ResponsearrayBuffer: ƒ arrayBuffer()length: 0name: "arrayBuffer"arguments: (...)caller: (...)[[Prototype]]: ƒ ()[[Scopes]]: Scopes[0]No propertiesblob: ƒ blob()length: 0name: "blob"arguments: (...)caller: (...)[[Prototype]]: ƒ ()[[Scopes]]: Scopes[0]No propertiesbody: (...)bodyUsed: (...)clone: ƒ clone()length: 0name: "clone"arguments: (...)caller: (...)[[Prototype]]: ƒ ()[[Scopes]]: Scopes[0]No propertiesformData: ƒ formData()length: 0name: "formData"arguments: (...)caller: (...)[[Prototype]]: ƒ ()[[Scopes]]: Scopes[0]No propertiesheaders: (...)json: ƒ json()length: 0name: "json"arguments: (...)caller: (...)[[Prototype]]: ƒ ()[[Scopes]]: Scopes[0]No propertiesok: (...)redirected: (...)status: (...)statusText: (...)text: ƒ text()length: 0name: "text"arguments: (...)caller: (...)[[Prototype]]: ƒ ()[[Scopes]]: Scopes[0]No propertiestype: (...)url: (...)constructor: ƒ Response()error: ƒ error()length: 0name: "error"arguments: (...)caller: (...)[[Prototype]]: ƒ ()[[Scopes]]: Scopes[0]No propertiesjson: ƒ json()length: 1name: "json"arguments: (...)caller: (...)[[Prototype]]: ƒ ()[[Scopes]]: Scopes[0]No propertiesredirect: ƒ redirect()length: 1name: "redirect"arguments: (...)caller: (...)[[Prototype]]: ƒ ()[[Scopes]]: Scopes[0]No propertiesarguments: nullcaller: nulllength: 0name: "Response"prototype: ResponsearrayBuffer: ƒ arrayBuffer()length: 0name: "arrayBuffer"arguments: (...)caller: (...)[[Prototype]]: ƒ ()[[Scopes]]: Scopes[0]No propertiesblob: ƒ blob()length: 0name: "blob"arguments: (...)caller: (...)[[Prototype]]: ƒ ()[[Scopes]]: Scopes[0]No propertiesbody: (...)bodyUsed: (...)clone: ƒ clone()length: 0name: "clone"arguments: (...)caller: (...)[[Prototype]]: ƒ ()[[Scopes]]: Scopes[0]No propertiesformData: ƒ formData()length: 0name: "formData"arguments: (...)caller: (...)[[Prototype]]: ƒ ()[[Scopes]]: Scopes[0]No propertiesheaders: (...)json: ƒ json()length: 0name: "json"arguments: (...)caller: (...)[[Prototype]]: ƒ ()[[Scopes]]: Scopes[0]No propertiesok: (...)redirected: (...)status: (...)statusText: (...)text: ƒ text()length: 0name: "text"arguments: (...)caller: (...)[[Prototype]]: ƒ ()[[Scopes]]: Scopes[0]No propertiestype: (...)url: (...)constructor: ƒ Response()error: ƒ error()length: 0name: "error"arguments: (...)caller: (...)[[Prototype]]: ƒ ()[[Scopes]]: Scopes[0]No propertiesjson: ƒ json()length: 1name: "json"arguments: (...)caller: (...)[[Prototype]]: ƒ ()[[Scopes]]: Scopes[0]No propertiesredirect: ƒ redirect()length: 1name: "redirect"arguments: (...)caller: (...)[[Prototype]]: ƒ ()[[Scopes]]: Scopes[0]No propertiesarguments: nullcaller: nulllength: 0name: "Response"prototype: ResponsearrayBuffer: ƒ arrayBuffer()length: 0name: "arrayBuffer"arguments: (...)caller: (...)[[Prototype]]: ƒ ()[[Scopes]]: Scopes[0]No propertiesblob: ƒ blob()length: 0name: "blob"arguments: (...)caller: (...)[[Prototype]]: ƒ ()[[Scopes]]: Scopes[0]No propertiesbody: (...)bodyUsed: (...)clone: ƒ clone()length: 0name: "clone"arguments: (...)caller: (...)[[Prototype]]: ƒ ()[[Scopes]]: Scopes[0]No propertiesformData: ƒ formData()length: 0name: "formData"arguments: (...)caller: (...)[[Prototype]]: ƒ ()[[Scopes]]: Scopes[0]No propertiesheaders: (...)json: ƒ json()length: 0name: "json"arguments: (...)caller: (...)[[Prototype]]: ƒ ()[[Scopes]]: Scopes[0]No propertiesok: (...)redirected: (...)status: (...)statusText: (...)text: ƒ text()length: 0name: "text"arguments: (...)caller: (...)[[Prototype]]: ƒ ()[[Scopes]]: Scopes[0]No propertiestype: (...)url: (...)constructor: ƒ Response()error: ƒ error()length: 0name: "error"arguments: (...)caller: (...)[[Prototype]]: ƒ ()[[Scopes]]: Scopes[0]No propertiesjson: ƒ json()length: 1name: "json"arguments: (...)caller: (...)[[Prototype]]: ƒ ()[[Scopes]]: Scopes[0]No propertiesredirect: ƒ redirect()length: 1name: "redirect"arguments: (...)caller: (...)[[Prototype]]: ƒ ()[[Scopes]]: Scopes[0]No propertiesarguments: nullcaller: nulllength: 0name: "Response"prototype: ResponsearrayBuffer: ƒ arrayBuffer()length: 0name: "arrayBuffer"arguments: (...)caller: (...)[[Prototype]]: ƒ ()[[Scopes]]: Scopes[0]No propertiesblob: ƒ blob()length: 0name: "blob"arguments: (...)caller: (...)[[Prototype]]: ƒ ()[[Scopes]]: Scopes[0]No propertiesbody: (...)bodyUsed: (...)clone: ƒ clone()length: 0name: "clone"arguments: (...)caller: (...)[[Prototype]]: ƒ ()[[Scopes]]: Scopes[0]No propertiesformData: ƒ formData()length: 0name: "formData"arguments: (...)caller: (...)[[Prototype]]: ƒ ()[[Scopes]]: Scopes[0]No propertiesheaders: (...)json: ƒ json()length: 0name: "json"arguments: (...)caller: (...)[[Prototype]]: ƒ ()[[Scopes]]: Scopes[0]No propertiesok: (...)redirected: (...)status: (...)statusText: (...)text: ƒ text()length: 0name: "text"arguments: (...)caller: (...)[[Prototype]]: ƒ ()[[Scopes]]: Scopes[0]No propertiestype: (...)url: (...)constructor: ƒ Response()error: ƒ error()length: 0name: "error"arguments: (...)caller: (...)[[Prototype]]: ƒ ()[[Scopes]]: Scopes[0]No propertiesjson: ƒ json()length: 1name: "json"arguments: (...)caller: (...)[[Prototype]]: ƒ ()[[Scopes]]: Scopes[0]No propertiesredirect: ƒ redirect()length: 1name: "redirect"arguments: (...)caller: (...)[[Prototype]]: ƒ ()[[Scopes]]: Scopes[0]No propertiesarguments: nullcaller: nulllength: 0name: "Response"prototype: ResponsearrayBuffer: ƒ arrayBuffer()length: 0name: "arrayBuffer"arguments: (...)caller: (...)[[Prototype]]: ƒ ()[[Scopes]]: Scopes[0]No propertiesblob: ƒ blob()length: 0name: "blob"arguments: (...)caller: (...)[[Prototype]]: ƒ ()[[Scopes]]: Scopes[0]No propertiesbody: (...)bodyUsed: (...)clone: ƒ clone()length: 0name: "clone"arguments: (...)caller: (...)[[Prototype]]: ƒ ()[[Scopes]]: Scopes[0]No propertiesformData: ƒ formData()length: 0name: "formData"arguments: (...)caller: (...)[[Prototype]]: ƒ ()[[Scopes]]: Scopes[0]No propertiesheaders: (...)json: ƒ json()length: 0name: "json"arguments: (...)caller: (...)[[Prototype]]: ƒ ()[[Scopes]]: Scopes[0]No propertiesok: (...)redirected: (...)status: (...)statusText: (...)text: ƒ text()length: 0name: "text"arguments: (...)caller: (...)[[Prototype]]: ƒ ()[[Scopes]]: Scopes[0]No propertiestype: (...)url: (...)constructor: ƒ Response()error: ƒ error()length: 0name: "error"arguments: (...)caller: (...)[[Prototype]]: ƒ ()[[Scopes]]: Scopes[0]No propertiesjson: ƒ json()length: 1name: "json"arguments: (...)caller: (...)[[Prototype]]: ƒ ()[[Scopes]]: Scopes[0]No propertiesredirect: ƒ redirect()length: 1name: "redirect"arguments: (...)caller: (...)[[Prototype]]: ƒ ()[[Scopes]]: Scopes[0]No propertiesarguments: nullcaller: nulllength: 0name: "Response"prototype: ResponsearrayBuffer: ƒ arrayBuffer()length: 0name: "arrayBuffer"arguments: (...)caller: (...)[[Prototype]]: ƒ ()[[Scopes]]: Scopes[0]No propertiesblob: ƒ blob()length: 0name: "blob"arguments: (...)caller: (...)[[Prototype]]: ƒ ()[[Scopes]]: Scopes[0]No propertiesbody: (...)bodyUsed: (...)clone: ƒ clone()length: 0name: "clone"arguments: (...)caller: (...)[[Prototype]]: ƒ ()[[Scopes]]: Scopes[0]No propertiesformData: ƒ formData()length: 0name: "formData"arguments: (...)caller: (...)[[Prototype]]: ƒ ()[[Scopes]]: Scopes[0]No propertiesheaders: (...)json: ƒ json()length: 0name: "json"arguments: (...)caller: (...)[[Prototype]]: ƒ ()[[Scopes]]: Scopes[0]No propertiesok: (...)redirected: (...)status: (...)statusText: (...)text: ƒ text()length: 0name: "text"arguments: (...)caller: (...)[[Prototype]]: ƒ ()[[Scopes]]: Scopes[0]No propertiestype: (...)url: (...)constructor: ƒ Response()error: ƒ error()length: 0name: "error"arguments: (...)caller: (...)[[Prototype]]: ƒ ()[[Scopes]]: Scopes[0]No propertiesjson: ƒ json()length: 1name: "json"arguments: (...)caller: (...)[[Prototype]]: ƒ ()[[Scopes]]: Scopes[0]No propertiesredirect: ƒ redirect()length: 1name: "redirect"arguments: (...)caller: (...)[[Prototype]]: ƒ ()[[Scopes]]: Scopes[0]No propertiesarguments: nullcaller: nulllength: 0name: "Response"prototype: ResponsearrayBuffer: ƒ arrayBuffer()length: 0name: "arrayBuffer"arguments: (...)caller: (...)[[Prototype]]: ƒ ()[[Scopes]]: Scopes[0]No propertiesblob: ƒ blob()length: 0name: "blob"arguments: (...)caller: (...)[[Prototype]]: ƒ ()[[Scopes]]: Scopes[0]No propertiesbody: (...)bodyUsed: (...)clone: ƒ clone()length: 0name: "clone"arguments: (...)caller: (...)[[Prototype]]: ƒ ()[[Scopes]]: Scopes[0]No propertiesformData: ƒ formData()length: 0name: "formData"arguments: (...)caller: (...)[[Prototype]]: ƒ ()[[Scopes]]: Scopes[0]No propertiesheaders: (...)json: ƒ json()length: 0name: "json"arguments: (...)caller: (...)[[Prototype]]: ƒ ()[[Scopes]]: Scopes[0]No propertiesok: (...)redirected: (...)status: (...)statusText: (...)text: ƒ text()length: 0name: "text"arguments: (...)caller: (...)[[Prototype]]: ƒ ()[[Scopes]]: Scopes[0]No propertiestype: (...)url: (...)constructor: ƒ Response()error: ƒ error()length: 0name: "error"arguments: (...)caller: (...)[[Prototype]]: ƒ ()[[Scopes]]: Scopes[0]No propertiesjson: ƒ json()length: 1name: "json"arguments: (...)caller: (...)[[Prototype]]: ƒ ()[[Scopes]]: Scopes[0]No propertiesredirect: ƒ redirect()length: 1name: "redirect"arguments: (...)caller: (...)[[Prototype]]: ƒ ()[[Scopes]]: Scopes[0]No propertiesarguments: nullcaller: nulllength: 0name: "Response"prototype: ResponsearrayBuffer: ƒ arrayBuffer()length: 0name: "arrayBuffer"arguments: (...)caller: (...)[[Prototype]]: ƒ ()[[Scopes]]: Scopes[0]No propertiesblob: ƒ blob()length: 0name: "blob"arguments: (...)caller: (...)[[Prototype]]: ƒ ()[[Scopes]]: Scopes[0]No propertiesbody: (...)bodyUsed: (...)clone: ƒ clone()length: 0name: "clone"arguments: (...)caller: (...)[[Prototype]]: ƒ ()[[Scopes]]: Scopes[0]No propertiesformData: ƒ formData()length: 0name: "formData"arguments: (...)caller: (...)[[Prototype]]: ƒ ()[[Scopes]]: Scopes[0]No propertiesheaders: (...)json: ƒ json()length: 0name: "json"arguments: (...)caller: (...)[[Prototype]]: ƒ ()[[Scopes]]: Scopes[0]No propertiesok: (...)redirected: (...)status: (...)statusText: (...)text: ƒ text()length: 0name: "text"arguments: (...)caller: (...)[[Prototype]]: ƒ ()[[Scopes]]: Scopes[0]No propertiestype: (...)url: (...)constructor: ƒ Response()error: ƒ error()length: 0name: "error"arguments: (...)caller: (...)[[Prototype]]: ƒ ()[[Scopes]]: Scopes[0]No propertiesjson: ƒ json()length: 1name: "json"arguments: (...)caller: (...)[[Prototype]]: ƒ ()[[Scopes]]: Scopes[0]No propertiesredirect: ƒ redirect()length: 1name: "redirect"arguments: (...)caller: (...)[[Prototype]]: ƒ ()[[Scopes]]: Scopes[0]No propertiesarguments: nullcaller: nulllength: 0name: "Response"prototype: ResponsearrayBuffer: ƒ arrayBuffer()length: 0name: "arrayBuffer"arguments: (...)caller: (...)[[Prototype]]: ƒ ()[[Scopes]]: Scopes[0]No propertiesblob: ƒ blob()length: 0name: "blob"arguments: (...)caller: (...)[[Prototype]]: ƒ ()[[Scopes]]: Scopes[0]No propertiesbody: (...)bodyUsed: (...)clone: ƒ clone()length: 0name: "clone"arguments: (...)caller: (...)[[Prototype]]: ƒ ()[[Scopes]]: Scopes[0]No propertiesformData: ƒ formData()length: 0name: "formData"arguments: (...)caller: (...)[[Prototype]]: ƒ ()[[Scopes]]: Scopes[0]No propertiesheaders: (...)json: ƒ json()length: 0name: "json"arguments: (...)caller: (...)[[Prototype]]: ƒ ()[[Scopes]]: Scopes[0]No propertiesok: (...)redirected: (...)status: (...)statusText: (...)text: ƒ text()length: 0name: "text"arguments: (...)caller: (...)[[Prototype]]: ƒ ()[[Scopes]]: Scopes[0]No propertiestype: (...)url: (...)constructor: ƒ Response()error: ƒ error()length: 0name: "error"arguments: (...)caller: (...)[[Prototype]]: ƒ ()[[Scopes]]: Scopes[0]No propertiesjson: ƒ json()length: 1name: "json"arguments: (...)caller: (...)[[Prototype]]: ƒ ()[[Scopes]]: Scopes[0]No propertiesredirect: ƒ redirect()length: 1name: "redirect"arguments: (...)caller: (...)[[Prototype]]: ƒ ()[[Scopes]]: Scopes[0]No propertiesarguments: nullcaller: nulllength: 0name: "Response"prototype: ResponsearrayBuffer: ƒ arrayBuffer()length: 0name: "arrayBuffer"arguments: (...)caller: (...)[[Prototype]]: ƒ ()[[Scopes]]: Scopes[0]No propertiesblob: ƒ blob()length: 0name: "blob"arguments: (...)caller: (...)[[Prototype]]: ƒ ()[[Scopes]]: Scopes[0]No propertiesbody: (...)bodyUsed: (...)clone: ƒ clone()length: 0name: "clone"arguments: (...)caller: (...)[[Prototype]]: ƒ ()[[Scopes]]: Scopes[0]No propertiesformData: ƒ formData()length: 0name: "formData"arguments: (...)caller: (...)[[Prototype]]: ƒ ()[[Scopes]]: Scopes[0]No propertiesheaders: (...)json: ƒ json()length: 0name: "json"arguments: (...)caller: (...)[[Prototype]]: ƒ ()[[Scopes]]: Scopes[0]No propertiesok: (...)redirected: (...)status: (...)statusText: (...)text: ƒ text()length: 0name: "text"arguments: (...)caller: (...)[[Prototype]]: ƒ ()[[Scopes]]: Scopes[0]No propertiestype: (...)url: (...)constructor: ƒ Response()error: ƒ error()length: 0name: "error"arguments: (...)caller: (...)[[Prototype]]: ƒ ()[[Scopes]]: Scopes[0]No propertiesjson: ƒ json()length: 1name: "json"arguments: (...)caller: (...)[[Prototype]]: ƒ ()[[Scopes]]: Scopes[0]No propertiesredirect: ƒ redirect()length: 1name: "redirect"arguments: (...)caller: (...)[[Prototype]]: ƒ ()[[Scopes]]: Scopes[0]No propertiesarguments: nullcaller: nulllength: 0name: "Response"prototype: ResponsearrayBuffer: ƒ arrayBuffer()length: 0name: "arrayBuffer"arguments: (...)caller: (...)[[Prototype]]: ƒ ()[[Scopes]]: Scopes[0]No propertiesblob: ƒ blob()length: 0name: "blob"arguments: (...)caller: (...)[[Prototype]]: ƒ ()[[Scopes]]: Scopes[0]No propertiesbody: (...)bodyUsed: (...)clone: ƒ clone()length: 0name: "clone"arguments: (...)caller: (...)[[Prototype]]: ƒ ()[[Scopes]]: Scopes[0]No propertiesformData: ƒ formData()length: 0name: "formData"arguments: (...)caller: (...)[[Prototype]]: ƒ ()[[Scopes]]: Scopes[0]No propertiesheaders: (...)json: ƒ json()length: 0name: "json"arguments: (...)caller: (...)[[Prototype]]: ƒ ()[[Scopes]]: Scopes[0]No propertiesok: (...)redirected: (...)status: (...)statusText: (...)text: ƒ text()length: 0name: "text"arguments: (...)caller: (...)[[Prototype]]: ƒ ()[[Scopes]]: Scopes[0]No propertiestype: (...)url: (...)constructor: ƒ Response()error: ƒ error()length: 0name: "error"arguments: (...)caller: (...)[[Prototype]]: ƒ ()[[Scopes]]: Scopes[0]No propertiesjson: ƒ json()length: 1name: "json"arguments: (...)caller: (...)[[Prototype]]: ƒ ()[[Scopes]]: Scopes[0]No propertiesredirect: ƒ redirect()length: 1name: "redirect"arguments: (...)caller: (...)[[Prototype]]: ƒ ()[[Scopes]]: Scopes[0]No propertiesarguments: nullcaller: nulllength: 0name: "Response"prototype: ResponsearrayBuffer: ƒ arrayBuffer()length: 0name: "arrayBuffer"arguments: (...)caller: (...)[[Prototype]]: ƒ ()[[Scopes]]: Scopes[0]No propertiesblob: ƒ blob()length: 0name: "blob"arguments: (...)caller: (...)[[Prototype]]: ƒ ()[[Scopes]]: Scopes[0]No propertiesbody: (...)bodyUsed: (...)clone: ƒ clone()length: 0name: "clone"arguments: (...)caller: (...)[[Prototype]]: ƒ ()[[Scopes]]: Scopes[0]No propertiesformData: ƒ formData()length: 0name: "formData"arguments: (...)caller: (...)[[Prototype]]: ƒ ()[[Scopes]]: Scopes[0]No propertiesheaders: (...)json: ƒ json()length: 0name: "json"arguments: (...)caller: (...)[[Prototype]]: ƒ ()[[Scopes]]: Scopes[0]No propertiesok: (...)redirected: (...)status: (...)statusText: (...)text: ƒ text()length: 0name: "text"arguments: (...)caller: (...)[[Prototype]]: ƒ ()[[Scopes]]: Scopes[0]No propertiestype: (...)url: (...)constructor: ƒ Response()error: ƒ error()length: 0name: "error"arguments: (...)caller: (...)[[Prototype]]: ƒ ()[[Scopes]]: Scopes[0]No propertiesjson: ƒ json()length: 1name: "json"arguments: (...)caller: (...)[[Prototype]]: ƒ ()[[Scopes]]: Scopes[0]No propertiesredirect: ƒ redirect()length: 1name: "redirect"arguments: (...)caller: (...)[[Prototype]]: ƒ ()[[Scopes]]: Scopes[0]No propertiesarguments: nullcaller: nulllength: 0name: "Response"prototype: ResponsearrayBuffer: ƒ arrayBuffer()length: 0name: "arrayBuffer"arguments: (...)caller: (...)[[Prototype]]: ƒ ()[[Scopes]]: Scopes[0]No propertiesblob: ƒ blob()length: 0name: "blob"arguments: (...)caller: (...)[[Prototype]]: ƒ ()[[Scopes]]: Scopes[0]No propertiesbody: (...)bodyUsed: (...)clone: ƒ clone()length: 0name: "clone"arguments: (...)caller: (...)[[Prototype]]: ƒ ()[[Scopes]]: Scopes[0]No propertiesformData: ƒ formData()length: 0name: "formData"arguments: (...)caller: (...)[[Prototype]]: ƒ ()[[Scopes]]: Scopes[0]No propertiesheaders: (...)json: ƒ json()length: 0name: "json"arguments: (...)caller: (...)[[Prototype]]: ƒ ()[[Scopes]]: Scopes[0]No propertiesok: (...)redirected: (...)status: (...)statusText: (...)text: ƒ text()length: 0name: "text"arguments: (...)caller: (...)[[Prototype]]: ƒ ()[[Scopes]]: Scopes[0]No propertiestype: (...)url: (...)constructor: ƒ Response()error: ƒ error()length: 0name: "error"arguments: (...)caller: (...)[[Prototype]]: ƒ ()[[Scopes]]: Scopes[0]No propertiesjson: ƒ json()length: 1name: "json"arguments: (...)caller: (...)[[Prototype]]: ƒ ()[[Scopes]]: Scopes[0]No propertiesredirect: ƒ redirect()length: 1name: "redirect"arguments: (...)caller: (...)[[Prototype]]: ƒ ()[[Scopes]]: Scopes[0]No propertiesarguments: nullcaller: nulllength: 0name: "Response"prototype: ResponsearrayBuffer: ƒ arrayBuffer()length: 0name: "arrayBuffer"arguments: (...)caller: (...)[[Prototype]]: ƒ ()[[Scopes]]: Scopes[0]No propertiesblob: ƒ blob()length: 0name: "blob"arguments: (...)caller: (...)[[Prototype]]: ƒ ()[[Scopes]]: Scopes[0]No propertiesbody: (...)bodyUsed: (...)clone: ƒ clone()length: 0name: "clone"arguments: (...)caller: (...)[[Prototype]]: ƒ ()[[Scopes]]: Scopes[0]No propertiesformData: ƒ formData()length: 0name: "formData"arguments: (...)caller: (...)[[Prototype]]: ƒ ()[[Scopes]]: Scopes[0]No propertiesheaders: (...)json: ƒ json()length: 0name: "json"arguments: (...)caller: (...)[[Prototype]]: ƒ ()[[Scopes]]: Scopes[0]No propertiesok: (...)redirected: (...)status: (...)statusText: (...)text: ƒ text()length: 0name: "text"arguments: (...)caller: (...)[[Prototype]]: ƒ ()[[Scopes]]: Scopes[0]No propertiestype: (...)url: (...)constructor: ƒ Response()error: ƒ error()length: 0name: "error"arguments: (...)caller: (...)[[Prototype]]: ƒ ()[[Scopes]]: Scopes[0]No propertiesjson: ƒ json()length: 1name: "json"arguments: (...)caller: (...)[[Prototype]]: ƒ ()[[Scopes]]: Scopes[0]No propertiesredirect: ƒ redirect()length: 1name: "redirect"arguments: (...)caller: (...)[[Prototype]]: ƒ ()[[Scopes]]: Scopes[0]No propertiesarguments: nullcaller: nulllength: 0name: "Response"prototype: ResponsearrayBuffer: ƒ arrayBuffer()length: 0name: "arrayBuffer"arguments: (...)caller: (...)[[Prototype]]: ƒ ()[[Scopes]]: Scopes[0]No propertiesblob: ƒ blob()length: 0name: "blob"arguments: (...)caller: (...)[[Prototype]]: ƒ ()[[Scopes]]: Scopes[0]No propertiesbody: (...)bodyUsed: (...)clone: ƒ clone()length: 0name: "clone"arguments: (...)caller: (...)[[Prototype]]: ƒ ()[[Scopes]]: Scopes[0]No propertiesformData: ƒ formData()length: 0name: "formData"arguments: (...)caller: (...)[[Prototype]]: ƒ ()[[Scopes]]: Scopes[0]No propertiesheaders: (...)json: ƒ json()length: 0name: "json"arguments: (...)caller: (...)[[Prototype]]: ƒ ()[[Scopes]]: Scopes[0]No propertiesok: (...)redirected: (...)status: (...)statusText: (...)text: ƒ text()length: 0name: "text"arguments: (...)caller: (...)[[Prototype]]: ƒ ()[[Scopes]]: Scopes[0]No propertiestype: (...)url: (...)constructor: ƒ Response()error: ƒ error()length: 0name: "error"arguments: (...)caller: (...)[[Prototype]]: ƒ ()[[Scopes]]: Scopes[0]No propertiesjson: ƒ json()length: 1name: "json"arguments: (...)caller: (...)[[Prototype]]: ƒ ()[[Scopes]]: Scopes[0]No propertiesredirect: ƒ redirect()length: 1name: "redirect"arguments: (...)caller: (...)[[Prototype]]: ƒ ()[[Scopes]]: Scopes[0]No propertiesarguments: nullcaller: nulllength: 0name: "Response"prototype: ResponsearrayBuffer: ƒ arrayBuffer()length: 0name: "arrayBuffer"arguments: (...)caller: (...)[[Prototype]]: ƒ ()[[Scopes]]: Scopes[0]No propertiesblob: ƒ blob()length: 0name: "blob"arguments: (...)caller: (...)[[Prototype]]: ƒ ()[[Scopes]]: Scopes[0]No propertiesbody: (...)bodyUsed: (...)clone: ƒ clone()length: 0name: "clone"arguments: (...)caller: (...)[[Prototype]]: ƒ ()[[Scopes]]: Scopes[0]No propertiesformData: ƒ formData()length: 0name: "formData"arguments: (...)caller: (...)[[Prototype]]: ƒ ()[[Scopes]]: Scopes[0]No propertiesheaders: (...)json: ƒ json()length: 0name: "json"arguments: (...)caller: (...)[[Prototype]]: ƒ ()[[Scopes]]: Scopes[0]No propertiesok: (...)redirected: (...)status: (...)statusText: (...)text: ƒ text()length: 0name: "text"arguments: (...)caller: (...)[[Prototype]]: ƒ ()[[Scopes]]: Scopes[0]No propertiestype: (...)url: (...)constructor: ƒ Response()error: ƒ error()length: 0name: "error"arguments: (...)caller: (...)[[Prototype]]: ƒ ()[[Scopes]]: Scopes[0]No propertiesjson: ƒ json()length: 1name: "json"arguments: (...)caller: (...)[[Prototype]]: ƒ ()[[Scopes]]: Scopes[0]No propertiesredirect: ƒ redirect()length: 1name: "redirect"arguments: (...)caller: (...)[[Prototype]]: ƒ ()[[Scopes]]: Scopes[0]No propertiesarguments: nullcaller: nulllength: 0name: "Response"prototype: ResponsearrayBuffer: ƒ arrayBuffer()length: 0name: "arrayBuffer"arguments: (...)caller: (...)[[Prototype]]: ƒ ()[[Scopes]]: Scopes[0]No propertiesblob: ƒ blob()length: 0name: "blob"arguments: (...)caller: (...)[[Prototype]]: ƒ ()[[Scopes]]: Scopes[0]No propertiesbody: (...)bodyUsed: (...)clone: ƒ clone()length: 0name: "clone"arguments: (...)caller: (...)[[Prototype]]: ƒ ()[[Scopes]]: Scopes[0]No propertiesformData: ƒ formData()length: 0name: "formData"arguments: (...)caller: (...)[[Prototype]]: ƒ ()[[Scopes]]: Scopes[0]No propertiesheaders: (...)json: ƒ json()length: 0name: "json"arguments: (...)caller: (...)[[Prototype]]: ƒ ()[[Scopes]]: Scopes[0]No propertiesok: (...)redirected: (...)status: (...)statusText: (...)text: ƒ text()length: 0name: "text"arguments: (...)caller: (...)[[Prototype]]: ƒ ()[[Scopes]]: Scopes[0]No propertiestype: (...)url: (...)constructor: ƒ Response()error: ƒ error()length: 0name: "error"arguments: (...)caller: (...)[[Prototype]]: ƒ ()[[Scopes]]: Scopes[0]No propertiesjson: ƒ json()length: 1name: "json"arguments: (...)caller: (...)[[Prototype]]: ƒ ()[[Scopes]]: Scopes[0]No propertiesredirect: ƒ redirect()length: 1name: "redirect"arguments: (...)caller: (...)[[Prototype]]: ƒ ()[[Scopes]]: Scopes[0]No propertiesarguments: nullcaller: nulllength: 0name: "Response"prototype: ResponsearrayBuffer: ƒ arrayBuffer()length: 0name: "arrayBuffer"arguments: (...)caller: (...)[[Prototype]]: ƒ ()[[Scopes]]: Scopes[0]No propertiesblob: ƒ blob()length: 0name: "blob"arguments: (...)caller: (...)[[Prototype]]: ƒ ()[[Scopes]]: Scopes[0]No propertiesbody: (...)bodyUsed: (...)clone: ƒ clone()length: 0name: "clone"arguments: (...)caller: (...)[[Prototype]]: ƒ ()[[Scopes]]: Scopes[0]No propertiesformData: ƒ formData()length: 0name: "formData"arguments: (...)caller: (...)[[Prototype]]: ƒ ()[[Scopes]]: Scopes[0]No propertiesheaders: (...)json: ƒ json()length: 0name: "json"arguments: (...)caller: (...)[[Prototype]]: ƒ ()[[Scopes]]: Scopes[0]No propertiesok: (...)redirected: (...)status: (...)statusText: (...)text: ƒ text()length: 0name: "text"arguments: (...)caller: (...)[[Prototype]]: ƒ ()[[Scopes]]: Scopes[0]No propertiestype: (...)url: (...)constructor: ƒ Response()error: ƒ error()length: 0name: "error"arguments: (...)caller: (...)[[Prototype]]: ƒ ()[[Scopes]]: Scopes[0]No propertiesjson: ƒ json()length: 1name: "json"arguments: (...)caller: (...)[[Prototype]]: ƒ ()[[Scopes]]: Scopes[0]No propertiesredirect: ƒ redirect()length: 1name: "redirect"arguments: (...)caller: (...)[[Prototype]]: ƒ ()[[Scopes]]: Scopes[0]No propertiesarguments: nullcaller: nulllength: 0name: "Response"prototype: ResponsearrayBuffer: ƒ arrayBuffer()length: 0name: "arrayBuffer"arguments: (...)caller: (...)[[Prototype]]: ƒ ()[[Scopes]]: Scopes[0]No propertiesblob: ƒ blob()length: 0name: "blob"arguments: (...)caller: (...)[[Prototype]]: ƒ ()[[Scopes]]: Scopes[0]No propertiesbody: (...)bodyUsed: (...)clone: ƒ clone()length: 0name: "clone"arguments: (...)caller: (...)[[Prototype]]: ƒ ()[[Scopes]]: Scopes[0]No propertiesformData: ƒ formData()length: 0name: "formData"arguments: (...)caller: (...)[[Prototype]]: ƒ ()[[Scopes]]: Scopes[0]No propertiesheaders: (...)json: ƒ json()length: 0name: "json"arguments: (...)caller: (...)[[Prototype]]: ƒ ()[[Scopes]]: Scopes[0]No propertiesok: (...)redirected: (...)status: (...)statusText: (...)text: ƒ text()length: 0name: "text"arguments: (...)caller: (...)[[Prototype]]: ƒ ()[[Scopes]]: Scopes[0]No propertiestype: (...)url: (...)constructor: ƒ Response()error: ƒ error()length: 0name: "error"arguments: (...)caller: (...)[[Prototype]]: ƒ ()[[Scopes]]: Scopes[0]No propertiesjson: ƒ json()length: 1name: "json"arguments: (...)caller: (...)[[Prototype]]: ƒ ()[[Scopes]]: Scopes[0]No propertiesredirect: ƒ redirect()length: 1name: "redirect"arguments: (...)caller: (...)[[Prototype]]: ƒ ()[[Scopes]]: Scopes[0]No propertiesarguments: nullcaller: nulllength: 0name: "Response"prototype: ResponsearrayBuffer: ƒ arrayBuffer()length: 0name: "arrayBuffer"arguments: (...)caller: (...)[[Prototype]]: ƒ ()[[Scopes]]: Scopes[0]No propertiesblob: ƒ blob()length: 0name: "blob"arguments: (...)caller: (...)[[Prototype]]: ƒ ()[[Scopes]]: Scopes[0]No propertiesbody: (...)bodyUsed: (...)clone: ƒ clone()length: 0name: "clone"arguments: (...)caller: (...)[[Prototype]]: ƒ ()[[Scopes]]: Scopes[0]No propertiesformData: ƒ formData()length: 0name: "formData"arguments: (...)caller: (...)[[Prototype]]: ƒ ()[[Scopes]]: Scopes[0]No propertiesheaders: (...)json: ƒ json()length: 0name: "json"arguments: (...)caller: (...)[[Prototype]]: ƒ ()[[Scopes]]: Scopes[0]No propertiesok: (...)redirected: (...)status: (...)statusText: (...)text: ƒ text()length: 0name: "text"arguments: (...)caller: (...)[[Prototype]]: ƒ ()[[Scopes]]: Scopes[0]No propertiestype: (...)url: (...)constructor: ƒ Response()error: ƒ error()length: 0name: "error"arguments: (...)caller: (...)[[Prototype]]: ƒ ()[[Scopes]]: Scopes[0]No propertiesjson: ƒ json()length: 1name: "json"arguments: (...)caller: (...)[[Prototype]]: ƒ ()[[Scopes]]: Scopes[0]No propertiesredirect: ƒ redirect()length: 1name: "redirect"arguments: (...)caller: (...)[[Prototype]]: ƒ ()[[Scopes]]: Scopes[0]No propertiesarguments: nullcaller: nulllength: 0name: "Response"prototype: ResponsearrayBuffer: ƒ arrayBuffer()length: 0name: "arrayBuffer"arguments: (...)caller: (...)[[Prototype]]: ƒ ()[[Scopes]]: Scopes[0]No propertiesblob: ƒ blob()length: 0name: "blob"arguments: (...)caller: (...)[[Prototype]]: ƒ ()[[Scopes]]: Scopes[0]No propertiesbody: (...)bodyUsed: (...)clone: ƒ clone()length: 0name: "clone"arguments: (...)caller: (...)[[Prototype]]: ƒ ()[[Scopes]]: Scopes[0]No propertiesformData: ƒ formData()length: 0name: "formData"arguments: (...)caller: (...)[[Prototype]]: ƒ ()[[Scopes]]: Scopes[0]No propertiesheaders: (...)json: ƒ json()length: 0name: "json"arguments: (...)caller: (...)[[Prototype]]: ƒ ()[[Scopes]]: Scopes[0]No propertiesok: (...)redirected: (...)status: (...)statusText: (...)text: ƒ text()length: 0name: "text"arguments: (...)caller: (...)[[Prototype]]: ƒ ()[[Scopes]]: Scopes[0]No propertiestype: (...)url: (...)constructor: ƒ Response()error: ƒ error()length: 0name: "error"arguments: (...)caller: (...)[[Prototype]]: ƒ ()[[Scopes]]: Scopes[0]No propertiesjson: ƒ json()length: 1name: "json"arguments: (...)caller: (...)[[Prototype]]: ƒ ()[[Scopes]]: Scopes[0]No propertiesredirect: ƒ redirect()length: 1name: "redirect"arguments: (...)caller: (...)[[Prototype]]: ƒ ()[[Scopes]]: Scopes[0]No propertiesarguments: nullcaller: nulllength: 0name: "Response"prototype: ResponsearrayBuffer: ƒ arrayBuffer()length: 0name: "arrayBuffer"arguments: (...)caller: (...)[[Prototype]]: ƒ ()[[Scopes]]: Scopes[0]No propertiesblob: ƒ blob()length: 0name: "blob"arguments: (...)caller: (...)[[Prototype]]: ƒ ()[[Scopes]]: Scopes[0]No propertiesbody: (...)bodyUsed: (...)clone: ƒ clone()length: 0name: "clone"arguments: (...)caller: (...)[[Prototype]]: ƒ ()[[Scopes]]: Scopes[0]No propertiesformData: ƒ formData()length: 0name: "formData"arguments: (...)caller: (...)[[Prototype]]: ƒ ()[[Scopes]]: Scopes[0]No propertiesheaders: (...)json: ƒ json()length: 0name: "json"arguments: (...)caller: (...)[[Prototype]]: ƒ ()[[Scopes]]: Scopes[0]No propertiesok: (...)redirected: (...)status: (...)statusText: (...)text: ƒ text()length: 0name: "text"arguments: (...)caller: (...)[[Prototype]]: ƒ ()[[Scopes]]: Scopes[0]No propertiestype: (...)url: (...)constructor: ƒ Response()error: ƒ error()length: 0name: "error"arguments: (...)caller: (...)[[Prototype]]: ƒ ()[[Scopes]]: Scopes[0]No propertiesjson: ƒ json()length: 1name: "json"arguments: (...)caller: (...)[[Prototype]]: ƒ ()[[Scopes]]: Scopes[0]No propertiesredirect: ƒ redirect()length: 1name: "redirect"arguments: (...)caller: (...)[[Prototype]]: ƒ ()[[Scopes]]: Scopes[0]No propertiesarguments: nullcaller: nulllength: 0name: "Response"prototype: ResponsearrayBuffer: ƒ arrayBuffer()length: 0name: "arrayBuffer"arguments: (...)caller: (...)[[Prototype]]: ƒ ()[[Scopes]]: Scopes[0]No propertiesblob: ƒ blob()length: 0name: "blob"arguments: (...)caller: (...)[[Prototype]]: ƒ ()[[Scopes]]: Scopes[0]No propertiesbody: (...)bodyUsed: (...)clone: ƒ clone()length: 0name: "clone"arguments: (...)caller: (...)[[Prototype]]: ƒ ()[[Scopes]]: Scopes[0]No propertiesformData: ƒ formData()length: 0name: "formData"arguments: (...)caller: (...)[[Prototype]]: ƒ ()[[Scopes]]: Scopes[0]No propertiesheaders: (...)json: ƒ json()length: 0name: "json"arguments: (...)caller: (...)[[Prototype]]: ƒ ()[[Scopes]]: Scopes[0]No propertiesok: (...)redirected: (...)status: (...)statusText: (...)text: ƒ text()length: 0name: "text"arguments: (...)caller: (...)[[Prototype]]: ƒ ()[[Scopes]]: Scopes[0]No propertiestype: (...)url: (...)constructor: ƒ Response()error: ƒ error()length: 0name: "error"arguments: (...)caller: (...)[[Prototype]]: ƒ ()[[Scopes]]: Scopes[0]No propertiesjson: ƒ json()length: 1name: "json"arguments: (...)caller: (...)[[Prototype]]: ƒ ()[[Scopes]]: Scopes[0]No propertiesredirect: ƒ redirect()length: 1name: "redirect"arguments: (...)caller: (...)[[Prototype]]: ƒ ()[[Scopes]]: Scopes[0]No propertiesarguments: nullcaller: nulllength: 0name: "Response"prototype: ResponsearrayBuffer: ƒ arrayBuffer()length: 0name: "arrayBuffer"arguments: (...)caller: (...)[[Prototype]]: ƒ ()[[Scopes]]: Scopes[0]No propertiesblob: ƒ blob()length: 0name: "blob"arguments: (...)caller: (...)[[Prototype]]: ƒ ()[[Scopes]]: Scopes[0]No propertiesbody: (...)bodyUsed: (...)clone: ƒ clone()length: 0name: "clone"arguments: (...)caller: (...)[[Prototype]]: ƒ ()[[Scopes]]: Scopes[0]No propertiesformData: ƒ formData()length: 0name: "formData"arguments: (...)caller: (...)[[Prototype]]: ƒ ()[[Scopes]]: Scopes[0]No propertiesheaders: (...)json: ƒ json()length: 0name: "json"arguments: (...)caller: (...)[[Prototype]]: ƒ ()[[Scopes]]: Scopes[0]No propertiesok: (...)redirected: (...)status: (...)statusText: (...)text: ƒ text()length: 0name: "text"arguments: (...)caller: (...)[[Prototype]]: ƒ ()[[Scopes]]: Scopes[0]No propertiestype: (...)url: (...)constructor: ƒ Response()error: ƒ error()length: 0name: "error"arguments: (...)caller: (...)[[Prototype]]: ƒ ()[[Scopes]]: Scopes[0]No propertiesjson: ƒ json()length: 1name: "json"arguments: (...)caller: (...)[[Prototype]]: ƒ ()[[Scopes]]: Scopes[0]No propertiesredirect: ƒ redirect()length: 1name: "redirect"arguments: (...)caller: (...)[[Prototype]]: ƒ ()[[Scopes]]: Scopes[0]No propertiesarguments: nullcaller: nulllength: 0name: "Response"prototype: ResponsearrayBuffer: ƒ arrayBuffer()length: 0name: "arrayBuffer"arguments: (...)caller: (...)[[Prototype]]: ƒ ()[[Scopes]]: Scopes[0]No propertiesblob: ƒ blob()length: 0name: "blob"arguments: (...)caller: (...)[[Prototype]]: ƒ ()[[Scopes]]: Scopes[0]No propertiesbody: (...)bodyUsed: (...)clone: ƒ clone()length: 0name: "clone"arguments: (...)caller: (...)[[Prototype]]: ƒ ()[[Scopes]]: Scopes[0]No propertiesformData: ƒ formData()length: 0name: "formData"arguments: (...)caller: (...)[[Prototype]]: ƒ ()[[Scopes]]: Scopes[0]No propertiesheaders: (...)json: ƒ json()length: 0name: "json"arguments: (...)caller: (...)[[Prototype]]: ƒ ()[[Scopes]]: Scopes[0]No propertiesok: (...)redirected: (...)status: (...)statusText: (...)text: ƒ text()length: 0name: "text"arguments: (...)caller: (...)[[Prototype]]: ƒ ()[[Scopes]]: Scopes[0]No propertiestype: (...)url: (...)constructor: ƒ Response()error: ƒ error()length: 0name: "error"arguments: (...)caller: (...)[[Prototype]]: ƒ ()[[Scopes]]: Scopes[0]No propertiesjson: ƒ json()length: 1name: "json"arguments: (...)caller: (...)[[Prototype]]: ƒ ()[[Scopes]]: Scopes[0]No propertiesredirect: ƒ redirect()length: 1name: "redirect"arguments: (...)caller: (...)[[Prototype]]: ƒ ()[[Scopes]]: Scopes[0]No propertiesarguments: nullcaller: nulllength: 0name: "Response"prototype: ResponsearrayBuffer: ƒ arrayBuffer()length: 0name: "arrayBuffer"arguments: (...)caller: (...)[[Prototype]]: ƒ ()[[Scopes]]: Scopes[0]No propertiesblob: ƒ blob()length: 0name: "blob"arguments: (...)caller: (...)[[Prototype]]: ƒ ()[[Scopes]]: Scopes[0]No propertiesbody: (...)bodyUsed: (...)clone: ƒ clone()length: 0name: "clone"arguments: (...)caller: (...)[[Prototype]]: ƒ ()[[Scopes]]: Scopes[0]No propertiesformData: ƒ formData()length: 0name: "formData"arguments: (...)caller: (...)[[Prototype]]: ƒ ()[[Scopes]]: Scopes[0]No propertiesheaders: (...)json: ƒ json()length: 0name: "json"arguments: (...)caller: (...)[[Prototype]]: ƒ ()[[Scopes]]: Scopes[0]No propertiesok: (...)redirected: (...)status: (...)statusText: (...)text: ƒ text()length: 0name: "text"arguments: (...)caller: (...)[[Prototype]]: ƒ ()[[Scopes]]: Scopes[0]No propertiestype: (...)url: (...)constructor: ƒ Response()error: ƒ error()length: 0name: "error"arguments: (...)caller: (...)[[Prototype]]: ƒ ()[[Scopes]]: Scopes[0]No propertiesjson: ƒ json()length: 1name: "json"arguments: (...)caller: (...)[[Prototype]]: ƒ ()[[Scopes]]: Scopes[0]No propertiesredirect: ƒ redirect()length: 1name: "redirect"arguments: (...)caller: (...)[[Prototype]]: ƒ ()[[Scopes]]: Scopes[0]No propertiesarguments: nullcaller: nulllength: 0name: "Response"prototype: ResponsearrayBuffer: ƒ arrayBuffer()length: 0name: "arrayBuffer"arguments: (...)caller: (...)[[Prototype]]: ƒ ()[[Scopes]]: Scopes[0]No propertiesblob: ƒ blob()length: 0name: "blob"arguments: (...)caller: (...)[[Prototype]]: ƒ ()[[Scopes]]: Scopes[0]No propertiesbody: (...)bodyUsed: (...)clone: ƒ clone()length: 0name: "clone"arguments: (...)caller: (...)[[Prototype]]: ƒ ()[[Scopes]]: Scopes[0]No propertiesformData: ƒ formData()length: 0name: "formData"arguments: (...)caller: (...)[[Prototype]]: ƒ ()[[Scopes]]: Scopes[0]No propertiesheaders: (...)json: ƒ json()length: 0name: "json"arguments: (...)caller: (...)[[Prototype]]: ƒ ()[[Scopes]]: Scopes[0]No propertiesok: (...)redirected: (...)status: (...)statusText: (...)text: ƒ text()length: 0name: "text"arguments: (...)caller: (...)[[Prototype]]: ƒ ()[[Scopes]]: Scopes[0]No propertiestype: (...)url: (...)constructor: ƒ Response()error: ƒ error()length: 0name: "error"arguments: (...)caller: (...)[[Prototype]]: ƒ ()[[Scopes]]: Scopes[0]No propertiesjson: ƒ json()length: 1name: "json"arguments: (...)caller: (...)[[Prototype]]: ƒ ()[[Scopes]]: Scopes[0]No propertiesredirect: ƒ redirect()length: 1name: "redirect"arguments: (...)caller: (...)[[Prototype]]: ƒ ()[[Scopes]]: Scopes[0]No propertiesarguments: nullcaller: nulllength: 0name: "Response"prototype: ResponsearrayBuffer: ƒ arrayBuffer()length: 0name: "arrayBuffer"arguments: (...)caller: (...)[[Prototype]]: ƒ ()[[Scopes]]: Scopes[0]No propertiesblob: ƒ blob()length: 0name: "blob"arguments: (...)caller: (...)[[Prototype]]: ƒ ()[[Scopes]]: Scopes[0]No propertiesbody: (...)bodyUsed: (...)clone: ƒ clone()length: 0name: "clone"arguments: (...)caller: (...)[[Prototype]]: ƒ ()[[Scopes]]: Scopes[0]No propertiesformData: ƒ formData()length: 0name: "formData"arguments: (...)caller: (...)[[Prototype]]: ƒ ()[[Scopes]]: Scopes[0]No propertiesheaders: (...)json: ƒ json()length: 0name: "json"arguments: (...)caller: (...)[[Prototype]]: ƒ ()[[Scopes]]: Scopes[0]No propertiesok: (...)redirected: (...)status: (...)statusText: (...)text: ƒ text()length: 0name: "text"arguments: (...)caller: (...)[[Prototype]]: ƒ ()[[Scopes]]: Scopes[0]No propertiestype: (...)url: (...)constructor: ƒ Response()error: ƒ error()length: 0name: "error"arguments: (...)caller: (...)[[Prototype]]: ƒ ()[[Scopes]]: Scopes[0]No propertiesjson: ƒ json()length: 1name: "json"arguments: (...)caller: (...)[[Prototype]]: ƒ ()[[Scopes]]: Scopes[0]No propertiesredirect: ƒ redirect()length: 1name: "redirect"arguments: (...)caller: (...)[[Prototype]]: ƒ ()[[Scopes]]: Scopes[0]No propertiesarguments: nullcaller: nulllength: 0name: "Response"prototype: ResponsearrayBuffer: ƒ arrayBuffer()length: 0name: "arrayBuffer"arguments: (...)caller: (...)[[Prototype]]: ƒ ()[[Scopes]]: Scopes[0]No propertiesblob: ƒ blob()length: 0name: "blob"arguments: (...)caller: (...)[[Prototype]]: ƒ ()[[Scopes]]: Scopes[0]No propertiesbody: (...)bodyUsed: (...)clone: ƒ clone()length: 0name: "clone"arguments: (...)caller: (...)[[Prototype]]: ƒ ()[[Scopes]]: Scopes[0]No propertiesformData: ƒ formData()length: 0name: "formData"arguments: (...)caller: (...)[[Prototype]]: ƒ ()[[Scopes]]: Scopes[0]No propertiesheaders: (...)json: ƒ json()length: 0name: "json"arguments: (...)caller: (...)[[Prototype]]: ƒ ()[[Scopes]]: Scopes[0]No propertiesok: (...)redirected: (...)status: (...)statusText: (...)text: ƒ text()length: 0name: "text"arguments: (...)caller: (...)[[Prototype]]: ƒ ()[[Scopes]]: Scopes[0]No propertiestype: (...)url: (...)constructor: ƒ Response()error: ƒ error()length: 0name: "error"arguments: (...)caller: (...)[[Prototype]]: ƒ ()[[Scopes]]: Scopes[0]No propertiesjson: ƒ json()length: 1name: "json"arguments: (...)caller: (...)[[Prototype]]: ƒ ()[[Scopes]]: Scopes[0]No propertiesredirect: ƒ redirect()length: 1name: "redirect"arguments: (...)caller: (...)[[Prototype]]: ƒ ()[[Scopes]]: Scopes[0]No propertiesarguments: nullcaller: nulllength: 0name: "Response"prototype: ResponsearrayBuffer: ƒ arrayBuffer()length: 0name: "arrayBuffer"arguments: (...)caller: (...)[[Prototype]]: ƒ ()[[Scopes]]: Scopes[0]No propertiesblob: ƒ blob()length: 0name: "blob"arguments: (...)caller: (...)[[Prototype]]: ƒ ()[[Scopes]]: Scopes[0]No propertiesbody: (...)bodyUsed: (...)clone: ƒ clone()length: 0name: "clone"arguments: (...)caller: (...)[[Prototype]]: ƒ ()[[Scopes]]: Scopes[0]No propertiesformData: ƒ formData()length: 0name: "formData"arguments: (...)caller: (...)[[Prototype]]: ƒ ()[[Scopes]]: Scopes[0]No propertiesheaders: (...)json: ƒ json()length: 0name: "json"arguments: (...)caller: (...)[[Prototype]]: ƒ ()[[Scopes]]: Scopes[0]No propertiesok: (...)redirected: (...)status: (...)statusText: (...)text: ƒ text()length: 0name: "text"arguments: (...)caller: (...)[[Prototype]]: ƒ ()[[Scopes]]: Scopes[0]No propertiestype: (...)url: (...)constructor: ƒ Response()error: ƒ error()length: 0name: "error"arguments: (...)caller: (...)[[Prototype]]: ƒ ()[[Scopes]]: Scopes[0]No propertiesjson: ƒ json()length: 1name: "json"arguments: (...)caller: (...)[[Prototype]]: ƒ ()[[Scopes]]: Scopes[0]No propertiesredirect: ƒ redirect()length: 1name: "redirect"arguments: (...)caller: (...)[[Prototype]]: ƒ ()[[Scopes]]: Scopes[0]No propertiesarguments: nullcaller: nulllength: 0name: "Response"prototype: ResponsearrayBuffer: ƒ arrayBuffer()length: 0name: "arrayBuffer"arguments: (...)caller: (...)[[Prototype]]: ƒ ()[[Scopes]]: Scopes[0]No propertiesblob: ƒ blob()length: 0name: "blob"arguments: (...)caller: (...)[[Prototype]]: ƒ ()[[Scopes]]: Scopes[0]No propertiesbody: (...)bodyUsed: (...)clone: ƒ clone()length: 0name: "clone"arguments: (...)caller: (...)[[Prototype]]: ƒ ()[[Scopes]]: Scopes[0]No propertiesformData: ƒ formData()length: 0name: "formData"arguments: (...)caller: (...)[[Prototype]]: ƒ ()[[Scopes]]: Scopes[0]No propertiesheaders: (...)json: ƒ json()length: 0name: "json"arguments: (...)caller: (...)[[Prototype]]: ƒ ()[[Scopes]]: Scopes[0]No propertiesok: (...)redirected: (...)status: (...)statusText: (...)text: ƒ text()length: 0name: "text"arguments: (...)caller: (...)[[Prototype]]: ƒ ()[[Scopes]]: Scopes[0]No propertiestype: (...)url: (...)constructor: ƒ Response()error: ƒ error()length: 0name: "error"arguments: (...)caller: (...)[[Prototype]]: ƒ ()[[Scopes]]: Scopes[0]No propertiesjson: ƒ json()length: 1name: "json"arguments: (...)caller: (...)[[Prototype]]: ƒ ()[[Scopes]]: Scopes[0]No propertiesredirect: ƒ redirect()length: 1name: "redirect"arguments: (...)caller: (...)[[Prototype]]: ƒ ()[[Scopes]]: Scopes[0]No propertiesarguments: nullcaller: nulllength: 0name: "Response"prototype: ResponsearrayBuffer: ƒ arrayBuffer()length: 0name: "arrayBuffer"arguments: (...)caller: (...)[[Prototype]]: ƒ ()[[Scopes]]: Scopes[0]No propertiesblob: ƒ blob()length: 0name: "blob"arguments: (...)caller: (...)[[Prototype]]: ƒ ()[[Scopes]]: Scopes[0]No propertiesbody: (...)bodyUsed: (...)clone: ƒ clone()length: 0name: "clone"arguments: (...)caller: (...)[[Prototype]]: ƒ ()[[Scopes]]: Scopes[0]No propertiesformData: ƒ formData()length: 0name: "formData"arguments: (...)caller: (...)[[Prototype]]: ƒ ()[[Scopes]]: Scopes[0]No propertiesheaders: (...)json: ƒ json()length: 0name: "json"arguments: (...)caller: (...)[[Prototype]]: ƒ ()[[Scopes]]: Scopes[0]No propertiesok: (...)redirected: (...)status: (...)statusText: (...)text: ƒ text()length: 0name: "text"arguments: (...)caller: (...)[[Prototype]]: ƒ ()[[Scopes]]: Scopes[0]No propertiestype: (...)url: (...)constructor: ƒ Response()error: ƒ error()length: 0name: "error"arguments: (...)caller: (...)[[Prototype]]: ƒ ()[[Scopes]]: Scopes[0]No propertiesjson: ƒ json()length: 1name: "json"arguments: (...)caller: (...)[[Prototype]]: ƒ ()[[Scopes]]: Scopes[0]No propertiesredirect: ƒ redirect()length: 1name: "redirect"arguments: (...)caller: (...)[[Prototype]]: ƒ ()[[Scopes]]: Scopes[0]No propertiesarguments: nullcaller: nulllength: 0name: "Response"prototype: ResponsearrayBuffer: ƒ arrayBuffer()length: 0name: "arrayBuffer"arguments: (...)caller: (...)[[Prototype]]: ƒ ()[[Scopes]]: Scopes[0]No propertiesblob: ƒ blob()length: 0name: "blob"arguments: (...)caller: (...)[[Prototype]]: ƒ ()[[Scopes]]: Scopes[0]No propertiesbody: (...)bodyUsed: (...)clone: ƒ clone()length: 0name: "clone"arguments: (...)caller: (...)[[Prototype]]: ƒ ()[[Scopes]]: Scopes[0]No propertiesformData: ƒ formData()length: 0name: "formData"arguments: (...)caller: (...)[[Prototype]]: ƒ ()[[Scopes]]: Scopes[0]No propertiesheaders: (...)json: ƒ json()length: 0name: "json"arguments: (...)caller: (...)[[Prototype]]: ƒ ()[[Scopes]]: Scopes[0]No propertiesok: (...)redirected: (...)status: (...)statusText: (...)text: ƒ text()length: 0name: "text"arguments: (...)caller: (...)[[Prototype]]: ƒ ()[[Scopes]]: Scopes[0]No propertiestype: (...)url: (...)constructor: ƒ Response()error: ƒ error()length: 0name: "error"arguments: (...)caller: (...)[[Prototype]]: ƒ ()[[Scopes]]: Scopes[0]No propertiesjson: ƒ json()length: 1name: "json"arguments: (...)caller: (...)[[Prototype]]: ƒ ()[[Scopes]]: Scopes[0]No propertiesredirect: ƒ redirect()length: 1name: "redirect"arguments: (...)caller: (...)[[Prototype]]: ƒ ()[[Scopes]]: Scopes[0]No propertiesarguments: nullcaller: nulllength: 0name: "Response"prototype: ResponsearrayBuffer: ƒ arrayBuffer()length: 0name: "arrayBuffer"arguments: (...)caller: (...)[[Prototype]]: ƒ ()[[Scopes]]: Scopes[0]No propertiesblob: ƒ blob()length: 0name: "blob"arguments: (...)caller: (...)[[Prototype]]: ƒ ()[[Scopes]]: Scopes[0]No propertiesbody: (...)bodyUsed: (...)clone: ƒ clone()length: 0name: "clone"arguments: (...)caller: (...)[[Prototype]]: ƒ ()[[Scopes]]: Scopes[0]No propertiesformData: ƒ formData()length: 0name: "formData"arguments: (...)caller: (...)[[Prototype]]: ƒ ()[[Scopes]]: Scopes[0]No propertiesheaders: (...)json: ƒ json()length: 0name: "json"arguments: (...)caller: (...)[[Prototype]]: ƒ ()[[Scopes]]: Scopes[0]No propertiesok: (...)redirected: (...)status: (...)statusText: (...)text: ƒ text()length: 0name: "text"arguments: (...)caller: (...)[[Prototype]]: ƒ ()[[Scopes]]: Scopes[0]No propertiestype: (...)url: (...)constructor: ƒ Response()error: ƒ error()length: 0name: "error"arguments: (...)caller: (...)[[Prototype]]: ƒ ()[[Scopes]]: Scopes[0]No propertiesjson: ƒ json()length: 1name: "json"arguments: (...)caller: (...)[[Prototype]]: ƒ ()[[Scopes]]: Scopes[0]No propertiesredirect: ƒ redirect()length: 1name: "redirect"arguments: (...)caller: (...)[[Prototype]]: ƒ ()[[Scopes]]: Scopes[0]No propertiesarguments: nullcaller: nulllength: 0name: "Response"prototype: ResponsearrayBuffer: ƒ arrayBuffer()length: 0name: "arrayBuffer"arguments: (...)caller: (...)[[Prototype]]: ƒ ()[[Scopes]]: Scopes[0]No propertiesblob: ƒ blob()length: 0name: "blob"arguments: (...)caller: (...)[[Prototype]]: ƒ ()[[Scopes]]: Scopes[0]No propertiesbody: (...)bodyUsed: (...)clone: ƒ clone()length: 0name: "clone"arguments: (...)caller: (...)[[Prototype]]: ƒ ()[[Scopes]]: Scopes[0]No propertiesformData: ƒ formData()length: 0name: "formData"arguments: (...)caller: (...)[[Prototype]]: ƒ ()[[Scopes]]: Scopes[0]No propertiesheaders: (...)json: ƒ json()length: 0name: "json"arguments: (...)caller: (...)[[Prototype]]: ƒ ()[[Scopes]]: Scopes[0]No propertiesok: (...)redirected: (...)status: (...)statusText: (...)text: ƒ text()length: 0name: "text"arguments: (...)caller: (...)[[Prototype]]: ƒ ()[[Scopes]]: Scopes[0]No propertiestype: (...)url: (...)constructor: ƒ Response()error: ƒ error()length: 0name: "error"arguments: (...)caller: (...)[[Prototype]]: ƒ ()[[Scopes]]: Scopes[0]No propertiesjson: ƒ json()length: 1name: "json"arguments: (...)caller: (...)[[Prototype]]: ƒ ()[[Scopes]]: Scopes[0]No propertiesredirect: ƒ redirect()length: 1name: "redirect"arguments: (...)caller: (...)[[Prototype]]: ƒ ()[[Scopes]]: Scopes[0]No propertiesarguments: nullcaller: nulllength: 0name: "Response"prototype: ResponsearrayBuffer: ƒ arrayBuffer()length: 0name: "arrayBuffer"arguments: (...)caller: (...)[[Prototype]]: ƒ ()[[Scopes]]: Scopes[0]No propertiesblob: ƒ blob()length: 0name: "blob"arguments: (...)caller: (...)[[Prototype]]: ƒ ()[[Scopes]]: Scopes[0]No propertiesbody: (...)bodyUsed: (...)clone: ƒ clone()length: 0name: "clone"arguments: (...)caller: (...)[[Prototype]]: ƒ ()[[Scopes]]: Scopes[0]No propertiesformData: ƒ formData()length: 0name: "formData"arguments: (...)caller: (...)[[Prototype]]: ƒ ()[[Scopes]]: Scopes[0]No propertiesheaders: (...)json: ƒ json()length: 0name: "json"arguments: (...)caller: (...)[[Prototype]]: ƒ ()[[Scopes]]: Scopes[0]No propertiesok: (...)redirected: (...)status: (...)statusText: (...)text: ƒ text()length: 0name: "text"arguments: (...)caller: (...)[[Prototype]]: ƒ ()[[Scopes]]: Scopes[0]No propertiestype: (...)url: (...)constructor: ƒ Response()error: ƒ error()length: 0name: "error"arguments: (...)caller: (...)[[Prototype]]: ƒ ()[[Scopes]]: Scopes[0]No propertiesjson: ƒ json()length: 1name: "json"arguments: (...)caller: (...)[[Prototype]]: ƒ ()[[Scopes]]: Scopes[0]No propertiesredirect: ƒ redirect()length: 1name: "redirect"arguments: (...)caller: (...)[[Prototype]]: ƒ ()[[Scopes]]: Scopes[0]No propertiesarguments: nullcaller: nulllength: 0name: "Response"prototype: ResponsearrayBuffer: ƒ arrayBuffer()length: 0name: "arrayBuffer"arguments: (...)caller: (...)[[Prototype]]: ƒ ()[[Scopes]]: Scopes[0]No propertiesblob: ƒ blob()length: 0name: "blob"arguments: (...)caller: (...)[[Prototype]]: ƒ ()[[Scopes]]: Scopes[0]No propertiesbody: (...)bodyUsed: (...)clone: ƒ clone()length: 0name: "clone"arguments: (...)caller: (...)[[Prototype]]: ƒ ()[[Scopes]]: Scopes[0]No propertiesformData: ƒ formData()length: 0name: "formData"arguments: (...)caller: (...)[[Prototype]]: ƒ ()[[Scopes]]: Scopes[0]No propertiesheaders: (...)json: ƒ json()length: 0name: "json"arguments: (...)caller: (...)[[Prototype]]: ƒ ()[[Scopes]]: Scopes[0]No propertiesok: (...)redirected: (...)status: (...)statusText: (...)text: ƒ text()length: 0name: "text"arguments: (...)caller: (...)[[Prototype]]: ƒ ()[[Scopes]]: Scopes[0]No propertiestype: (...)url: (...)constructor: ƒ Response()error: ƒ error()length: 0name: "error"arguments: (...)caller: (...)[[Prototype]]: ƒ ()[[Scopes]]: Scopes[0]No propertiesjson: ƒ json()length: 1name: "json"arguments: (...)caller: (...)[[Prototype]]: ƒ ()[[Scopes]]: Scopes[0]No propertiesredirect: ƒ redirect()length: 1name: "redirect"arguments: (...)caller: (...)[[Prototype]]: ƒ ()[[Scopes]]: Scopes[0]No propertiesarguments: nullcaller: nulllength: 0name: "Response"prototype: ResponsearrayBuffer: ƒ arrayBuffer()length: 0name: "arrayBuffer"arguments: (...)caller: (...)[[Prototype]]: ƒ ()[[Scopes]]: Scopes[0]No propertiesblob: ƒ blob()length: 0name: "blob"arguments: (...)caller: (...)[[Prototype]]: ƒ ()[[Scopes]]: Scopes[0]No propertiesbody: (...)bodyUsed: (...)clone: ƒ clone()length: 0name: "clone"arguments: (...)caller: (...)[[Prototype]]: ƒ ()[[Scopes]]: Scopes[0]No propertiesformData: ƒ formData()length: 0name: "formData"arguments: (...)caller: (...)[[Prototype]]: ƒ ()[[Scopes]]: Scopes[0]No propertiesheaders: (...)json: ƒ json()length: 0name: "json"arguments: (...)caller: (...)[[Prototype]]: ƒ ()[[Scopes]]: Scopes[0]No propertiesok: (...)redirected: (...)status: (...)statusText: (...)text: ƒ text()length: 0name: "text"arguments: (...)caller: (...)[[Prototype]]: ƒ ()[[Scopes]]: Scopes[0]No propertiestype: (...)url: (...)constructor: ƒ Response()error: ƒ error()length: 0name: "error"arguments: (...)caller: (...)[[Prototype]]: ƒ ()[[Scopes]]: Scopes[0]No propertiesjson: ƒ json()length: 1name: "json"arguments: (...)caller: (...)[[Prototype]]: ƒ ()[[Scopes]]: Scopes[0]No propertiesredirect: ƒ redirect()length: 1name: "redirect"arguments: (...)caller: (...)[[Prototype]]: ƒ ()[[Scopes]]: Scopes[0]No propertiesarguments: nullcaller: nulllength: 0name: "Response"prototype: ResponsearrayBuffer: ƒ arrayBuffer()length: 0name: "arrayBuffer"arguments: (...)caller: (...)[[Prototype]]: ƒ ()[[Scopes]]: Scopes[0]No propertiesblob: ƒ blob()length: 0name: "blob"arguments: (...)caller: (...)[[Prototype]]: ƒ ()[[Scopes]]: Scopes[0]No propertiesbody: (...)bodyUsed: (...)clone: ƒ clone()length: 0name: "clone"arguments: (...)caller: (...)[[Prototype]]: ƒ ()[[Scopes]]: Scopes[0]No propertiesformData: ƒ formData()length: 0name: "formData"arguments: (...)caller: (...)[[Prototype]]: ƒ ()[[Scopes]]: Scopes[0]No propertiesheaders: (...)json: ƒ json()length: 0name: "json"arguments: (...)caller: (...)[[Prototype]]: ƒ ()[[Scopes]]: Scopes[0]No propertiesok: (...)redirected: (...)status: (...)statusText: (...)text: ƒ text()length: 0name: "text"arguments: (...)caller: (...)[[Prototype]]: ƒ ()[[Scopes]]: Scopes[0]No propertiestype: (...)url: (...)constructor: ƒ Response()error: ƒ error()length: 0name: "error"arguments: (...)caller: (...)[[Prototype]]: ƒ ()[[Scopes]]: Scopes[0]No propertiesjson: ƒ json()length: 1name: "json"arguments: (...)caller: (...)[[Prototype]]: ƒ ()[[Scopes]]: Scopes[0]No propertiesredirect: ƒ redirect()length: 1name: "redirect"arguments: (...)caller: (...)[[Prototype]]: ƒ ()[[Scopes]]: Scopes[0]No propertiesarguments: nullcaller: nulllength: 0name: "Response"prototype: ResponsearrayBuffer: ƒ arrayBuffer()length: 0name: "arrayBuffer"arguments: (...)caller: (...)[[Prototype]]: ƒ ()[[Scopes]]: Scopes[0]No propertiesblob: ƒ blob()length: 0name: "blob"arguments: (...)caller: (...)[[Prototype]]: ƒ ()[[Scopes]]: Scopes[0]No propertiesbody: (...)bodyUsed: (...)clone: ƒ clone()length: 0name: "clone"arguments: (...)caller: (...)[[Prototype]]: ƒ ()[[Scopes]]: Scopes[0]No propertiesformData: ƒ formData()length: 0name: "formData"arguments: (...)caller: (...)[[Prototype]]: ƒ ()[[Scopes]]: Scopes[0]No propertiesheaders: (...)json: ƒ json()length: 0name: "json"arguments: (...)caller: (...)[[Prototype]]: ƒ ()[[Scopes]]: Scopes[0]No propertiesok: (...)redirected: (...)status: (...)statusText: (...)text: ƒ text()length: 0name: "text"arguments: (...)caller: (...)[[Prototype]]: ƒ ()[[Scopes]]: Scopes[0]No propertiestype: (...)url: (...)constructor: ƒ Response()error: ƒ error()length: 0name: "error"arguments: (...)caller: (...)[[Prototype]]: ƒ ()[[Scopes]]: Scopes[0]No propertiesjson: ƒ json()length: 1name: "json"arguments: (...)caller: (...)[[Prototype]]: ƒ ()[[Scopes]]: Scopes[0]No propertiesredirect: ƒ redirect()length: 1name: "redirect"arguments: (...)caller: (...)[[Prototype]]: ƒ ()[[Scopes]]: Scopes[0]No propertiesarguments: nullcaller: nulllength: 0name: "Response"prototype: ResponsearrayBuffer: ƒ arrayBuffer()length: 0name: "arrayBuffer"arguments: (...)caller: (...)[[Prototype]]: ƒ ()[[Scopes]]: Scopes[0]No propertiesblob: ƒ blob()length: 0name: "blob"arguments: (...)caller: (...)[[Prototype]]: ƒ ()[[Scopes]]: Scopes[0]No propertiesbody: (...)bodyUsed: (...)clone: ƒ clone()length: 0name: "clone"arguments: (...)caller: (...)[[Prototype]]: ƒ ()[[Scopes]]: Scopes[0]No propertiesformData: ƒ formData()length: 0name: "formData"arguments: (...)caller: (...)[[Prototype]]: ƒ ()[[Scopes]]: Scopes[0]No propertiesheaders: (...)json: ƒ json()length: 0name: "json"arguments: (...)caller: (...)[[Prototype]]: ƒ ()[[Scopes]]: Scopes[0]No propertiesok: (...)redirected: (...)status: (...)statusText: (...)text: ƒ text()length: 0name: "text"arguments: (...)caller: (...)[[Prototype]]: ƒ ()[[Scopes]]: Scopes[0]No propertiestype: (...)url: (...)constructor: ƒ Response()error: ƒ error()length: 0name: "error"arguments: (...)caller: (...)[[Prototype]]: ƒ ()[[Scopes]]: Scopes[0]No propertiesjson: ƒ json()length: 1name: "json"arguments: (...)caller: (...)[[Prototype]]: ƒ ()[[Scopes]]: Scopes[0]No propertiesredirect: ƒ redirect()length: 1name: "redirect"arguments: (...)caller: (...)[[Prototype]]: ƒ ()[[Scopes]]: Scopes[0]No propertiesarguments: nullcaller: nulllength: 0name: "Response"prototype: ResponsearrayBuffer: ƒ arrayBuffer()length: 0name: "arrayBuffer"arguments: (...)caller: (...)[[Prototype]]: ƒ ()[[Scopes]]: Scopes[0]No propertiesblob: ƒ blob()length: 0name: "blob"arguments: (...)caller: (...)[[Prototype]]: ƒ ()[[Scopes]]: Scopes[0]No propertiesbody: (...)bodyUsed: (...)clone: ƒ clone()length: 0name: "clone"arguments: (...)caller: (...)[[Prototype]]: ƒ ()[[Scopes]]: Scopes[0]No propertiesformData: ƒ formData()length: 0name: "formData"arguments: (...)caller: (...)[[Prototype]]: ƒ ()[[Scopes]]: Scopes[0]No propertiesheaders: (...)json: ƒ json()length: 0name: "json"arguments: (...)caller: (...)[[Prototype]]: ƒ ()[[Scopes]]: Scopes[0]No propertiesok: (...)redirected: (...)status: (...)statusText: (...)text: ƒ text()length: 0name: "text"arguments: (...)caller: (...)[[Prototype]]: ƒ ()[[Scopes]]: Scopes[0]No propertiestype: (...)url: (...)constructor: ƒ Response()error: ƒ error()length: 0name: "error"arguments: (...)caller: (...)[[Prototype]]: ƒ ()[[Scopes]]: Scopes[0]No propertiesjson: ƒ json()length: 1name: "json"arguments: (...)caller: (...)[[Prototype]]: ƒ ()[[Scopes]]: Scopes[0]No propertiesredirect: ƒ redirect()length: 1name: "redirect"arguments: (...)caller: (...)[[Prototype]]: ƒ ()[[Scopes]]: Scopes[0]No propertiesarguments: nullcaller: nulllength: 0name: "Response"prototype: ResponsearrayBuffer: ƒ arrayBuffer()length: 0name: "arrayBuffer"arguments: (...)caller: (...)[[Prototype]]: ƒ ()[[Scopes]]: Scopes[0]No propertiesblob: ƒ blob()length: 0name: "blob"arguments: (...)caller: (...)[[Prototype]]: ƒ ()[[Scopes]]: Scopes[0]body: (...)bodyUsed: (...)clone: ƒ clone()formData: ƒ formData()headers: (...)json: ƒ json()ok: (...)redirected: (...)status: (...)statusText: (...)text: ƒ text()type: (...)url: (...)constructor: ƒ Response()Symbol(Symbol.toStringTag): "Response"get body: ƒ body()get bodyUsed: ƒ bodyUsed()get headers: ƒ headers()get ok: ƒ ok()get redirected: ƒ redirected()get status: ƒ status()get statusText: ƒ statusText()get type: ƒ type()get url: ƒ url()[[Prototype]]: Object[[Prototype]]: ƒ ()[[Scopes]]: Scopes[0]Symbol(Symbol.toStringTag): "Response"get body: ƒ body()get bodyUsed: ƒ bodyUsed()get headers: ƒ headers()get ok: ƒ ok()get redirected: ƒ redirected()get status: ƒ status()get statusText: ƒ statusText()get type: ƒ type()get url: ƒ url()[[Prototype]]: Object[[Prototype]]: ƒ ()[[Scopes]]: Scopes[0]Symbol(Symbol.toStringTag): "Response"get body: ƒ body()get bodyUsed: ƒ bodyUsed()get headers: ƒ headers()get ok: ƒ ok()get redirected: ƒ redirected()get status: ƒ status()get statusText: ƒ statusText()get type: ƒ type()get url: ƒ url()[[Prototype]]: Object[[Prototype]]: ƒ ()[[Scopes]]: Scopes[0]Symbol(Symbol.toStringTag): "Response"get body: ƒ body()get bodyUsed: ƒ bodyUsed()get headers: ƒ headers()get ok: ƒ ok()get redirected: ƒ redirected()get status: ƒ status()get statusText: ƒ statusText()get type: ƒ type()get url: ƒ url()[[Prototype]]: Object[[Prototype]]: ƒ ()[[Scopes]]: Scopes[0]Symbol(Symbol.toStringTag): "Response"get body: ƒ body()get bodyUsed: ƒ bodyUsed()get headers: ƒ headers()get ok: ƒ ok()get redirected: ƒ redirected()get status: ƒ status()get statusText: ƒ statusText()get type: ƒ type()get url: ƒ url()[[Prototype]]: Object[[Prototype]]: ƒ ()[[Scopes]]: Scopes[0]Symbol(Symbol.toStringTag): "Response"get body: ƒ body()get bodyUsed: ƒ bodyUsed()get headers: ƒ headers()get ok: ƒ ok()get redirected: ƒ redirected()get status: ƒ status()get statusText: ƒ statusText()get type: ƒ type()get url: ƒ url()[[Prototype]]: Object[[Prototype]]: ƒ ()[[Scopes]]: Scopes[0]Symbol(Symbol.toStringTag): "Response"get body: ƒ body()get bodyUsed: ƒ bodyUsed()get headers: ƒ headers()get ok: ƒ ok()get redirected: ƒ redirected()get status: ƒ status()get statusText: ƒ statusText()get type: ƒ type()get url: ƒ url()[[Prototype]]: Object[[Prototype]]: ƒ ()[[Scopes]]: Scopes[0]Symbol(Symbol.toStringTag): "Response"get body: ƒ body()get bodyUsed: ƒ bodyUsed()get headers: ƒ headers()get ok: ƒ ok()get redirected: ƒ redirected()get status: ƒ status()get statusText: ƒ statusText()get type: ƒ type()get url: ƒ url()[[Prototype]]: Object[[Prototype]]: ƒ ()[[Scopes]]: Scopes[0]Symbol(Symbol.toStringTag): "Response"get body: ƒ body()get bodyUsed: ƒ bodyUsed()get headers: ƒ headers()get ok: ƒ ok()get redirected: ƒ redirected()get status: ƒ status()get statusText: ƒ statusText()get type: ƒ type()get url: ƒ url()[[Prototype]]: Object[[Prototype]]: ƒ ()[[Scopes]]: Scopes[0]Symbol(Symbol.toStringTag): "Response"get body: ƒ body()get bodyUsed: ƒ bodyUsed()get headers: ƒ headers()get ok: ƒ ok()get redirected: ƒ redirected()get status: ƒ status()get statusText: ƒ statusText()get type: ƒ type()get url: ƒ url()[[Prototype]]: Object[[Prototype]]: ƒ ()[[Scopes]]: Scopes[0]Symbol(Symbol.toStringTag): "Response"get body: ƒ body()get bodyUsed: ƒ bodyUsed()get headers: ƒ headers()get ok: ƒ ok()get redirected: ƒ redirected()get status: ƒ status()get statusText: ƒ statusText()get type: ƒ type()get url: ƒ url()[[Prototype]]: Object[[Prototype]]: ƒ ()[[Scopes]]: Scopes[0]Symbol(Symbol.toStringTag): "Response"get body: ƒ body()get bodyUsed: ƒ bodyUsed()get headers: ƒ headers()get ok: ƒ ok()get redirected: ƒ redirected()get status: ƒ status()get statusText: ƒ statusText()get type: ƒ type()get url: ƒ url()[[Prototype]]: Object[[Prototype]]: ƒ ()[[Scopes]]: Scopes[0]Symbol(Symbol.toStringTag): "Response"get body: ƒ body()get bodyUsed: ƒ bodyUsed()get headers: ƒ headers()get ok: ƒ ok()get redirected: ƒ redirected()get status: ƒ status()get statusText: ƒ statusText()get type: ƒ type()get url: ƒ url()[[Prototype]]: Object[[Prototype]]: ƒ ()[[Scopes]]: Scopes[0]Symbol(Symbol.toStringTag): "Response"get body: ƒ body()get bodyUsed: ƒ bodyUsed()get headers: ƒ headers()get ok: ƒ ok()get redirected: ƒ redirected()get status: ƒ status()get statusText: ƒ statusText()get type: ƒ type()get url: ƒ url()[[Prototype]]: Object[[Prototype]]: ƒ ()[[Scopes]]: Scopes[0]Symbol(Symbol.toStringTag): "Response"get body: ƒ body()get bodyUsed: ƒ bodyUsed()get headers: ƒ headers()get ok: ƒ ok()get redirected: ƒ redirected()get status: ƒ status()get statusText: ƒ statusText()get type: ƒ type()get url: ƒ url()[[Prototype]]: Object[[Prototype]]: ƒ ()[[Scopes]]: Scopes[0]Symbol(Symbol.toStringTag): "Response"get body: ƒ body()get bodyUsed: ƒ bodyUsed()get headers: ƒ headers()get ok: ƒ ok()get redirected: ƒ redirected()get status: ƒ status()get statusText: ƒ statusText()get type: ƒ type()get url: ƒ url()[[Prototype]]: Object[[Prototype]]: ƒ ()[[Scopes]]: Scopes[0]Symbol(Symbol.toStringTag): "Response"get body: ƒ body()get bodyUsed: ƒ bodyUsed()get headers: ƒ headers()get ok: ƒ ok()get redirected: ƒ redirected()get status: ƒ status()get statusText: ƒ statusText()get type: ƒ type()get url: ƒ url()[[Prototype]]: Object[[Prototype]]: ƒ ()[[Scopes]]: Scopes[0]Symbol(Symbol.toStringTag): "Response"get body: ƒ body()get bodyUsed: ƒ bodyUsed()get headers: ƒ headers()get ok: ƒ ok()get redirected: ƒ redirected()get status: ƒ status()get statusText: ƒ statusText()get type: ƒ type()get url: ƒ url()[[Prototype]]: Object[[Prototype]]: ƒ ()[[Scopes]]: Scopes[0]Symbol(Symbol.toStringTag): "Response"get body: ƒ body()get bodyUsed: ƒ bodyUsed()get headers: ƒ headers()get ok: ƒ ok()get redirected: ƒ redirected()get status: ƒ status()get statusText: ƒ statusText()get type: ƒ type()get url: ƒ url()[[Prototype]]: Object[[Prototype]]: ƒ ()[[Scopes]]: Scopes[0]Symbol(Symbol.toStringTag): "Response"get body: ƒ body()get bodyUsed: ƒ bodyUsed()get headers: ƒ headers()get ok: ƒ ok()get redirected: ƒ redirected()get status: ƒ status()get statusText: ƒ statusText()get type: ƒ type()get url: ƒ url()[[Prototype]]: Object[[Prototype]]: ƒ ()[[Scopes]]: Scopes[0]Symbol(Symbol.toStringTag): "Response"get body: ƒ body()get bodyUsed: ƒ bodyUsed()get headers: ƒ headers()get ok: ƒ ok()get redirected: ƒ redirected()get status: ƒ status()get statusText: ƒ statusText()get type: ƒ type()get url: ƒ url()[[Prototype]]: Object[[Prototype]]: ƒ ()[[Scopes]]: Scopes[0]Symbol(Symbol.toStringTag): "Response"get body: ƒ body()get bodyUsed: ƒ bodyUsed()get headers: ƒ headers()get ok: ƒ ok()get redirected: ƒ redirected()get status: ƒ status()get statusText: ƒ statusText()get type: ƒ type()get url: ƒ url()[[Prototype]]: Object[[Prototype]]: ƒ ()[[Scopes]]: Scopes[0]Symbol(Symbol.toStringTag): "Response"get body: ƒ body()get bodyUsed: ƒ bodyUsed()get headers: ƒ headers()get ok: ƒ ok()get redirected: ƒ redirected()get status: ƒ status()get statusText: ƒ statusText()get type: ƒ type()get url: ƒ url()[[Prototype]]: Object[[Prototype]]: ƒ ()[[Scopes]]: Scopes[0]Symbol(Symbol.toStringTag): "Response"get body: ƒ body()get bodyUsed: ƒ bodyUsed()get headers: ƒ headers()get ok: ƒ ok()get redirected: ƒ redirected()get status: ƒ status()get statusText: ƒ statusText()get type: ƒ type()get url: ƒ url()[[Prototype]]: Object[[Prototype]]: ƒ ()[[Scopes]]: Scopes[0]Symbol(Symbol.toStringTag): "Response"get body: ƒ body()get bodyUsed: ƒ bodyUsed()get headers: ƒ headers()get ok: ƒ ok()get redirected: ƒ redirected()get status: ƒ status()get statusText: ƒ statusText()get type: ƒ type()get url: ƒ url()[[Prototype]]: Object[[Prototype]]: ƒ ()[[Scopes]]: Scopes[0]Symbol(Symbol.toStringTag): "Response"get body: ƒ body()get bodyUsed: ƒ bodyUsed()get headers: ƒ headers()get ok: ƒ ok()get redirected: ƒ redirected()get status: ƒ status()get statusText: ƒ statusText()get type: ƒ type()get url: ƒ url()[[Prototype]]: Object[[Prototype]]: ƒ ()[[Scopes]]: Scopes[0]Symbol(Symbol.toStringTag): "Response"get body: ƒ body()get bodyUsed: ƒ bodyUsed()get headers: ƒ headers()get ok: ƒ ok()get redirected: ƒ redirected()get status: ƒ status()get statusText: ƒ statusText()get type: ƒ type()get url: ƒ url()[[Prototype]]: Object[[Prototype]]: ƒ ()[[Scopes]]: Scopes[0]Symbol(Symbol.toStringTag): "Response"get body: ƒ body()get bodyUsed: ƒ bodyUsed()get headers: ƒ headers()get ok: ƒ ok()get redirected: ƒ redirected()get status: ƒ status()get statusText: ƒ statusText()get type: ƒ type()get url: ƒ url()[[Prototype]]: Object[[Prototype]]: ƒ ()[[Scopes]]: Scopes[0]Symbol(Symbol.toStringTag): "Response"get body: ƒ body()get bodyUsed: ƒ bodyUsed()get headers: ƒ headers()get ok: ƒ ok()get redirected: ƒ redirected()get status: ƒ status()get statusText: ƒ statusText()get type: ƒ type()get url: ƒ url()[[Prototype]]: Object[[Prototype]]: ƒ ()[[Scopes]]: Scopes[0]Symbol(Symbol.toStringTag): "Response"get body: ƒ body()get bodyUsed: ƒ bodyUsed()get headers: ƒ headers()get ok: ƒ ok()get redirected: ƒ redirected()get status: ƒ status()get statusText: ƒ statusText()get type: ƒ type()get url: ƒ url()[[Prototype]]: Object[[Prototype]]: ƒ ()[[Scopes]]: Scopes[0]Symbol(Symbol.toStringTag): "Response"get body: ƒ body()get bodyUsed: ƒ bodyUsed()get headers: ƒ headers()get ok: ƒ ok()get redirected: ƒ redirected()get status: ƒ status()get statusText: ƒ statusText()get type: ƒ type()get url: ƒ url()[[Prototype]]: Object[[Prototype]]: ƒ ()[[Scopes]]: Scopes[0]Symbol(Symbol.toStringTag): "Response"get body: ƒ body()get bodyUsed: ƒ bodyUsed()get headers: ƒ headers()get ok: ƒ ok()get redirected: ƒ redirected()get status: ƒ status()get statusText: ƒ statusText()get type: ƒ type()get url: ƒ url()[[Prototype]]: Object[[Prototype]]: ƒ ()[[Scopes]]: Scopes[0]Symbol(Symbol.toStringTag): "Response"get body: ƒ body()get bodyUsed: ƒ bodyUsed()get headers: ƒ headers()get ok: ƒ ok()get redirected: ƒ redirected()get status: ƒ status()get statusText: ƒ statusText()get type: ƒ type()get url: ƒ url()[[Prototype]]: Object[[Prototype]]: ƒ ()[[Scopes]]: Scopes[0]Symbol(Symbol.toStringTag): "Response"get body: ƒ body()get bodyUsed: ƒ bodyUsed()get headers: ƒ headers()get ok: ƒ ok()get redirected: ƒ redirected()get status: ƒ status()get statusText: ƒ statusText()get type: ƒ type()get url: ƒ url()[[Prototype]]: Object[[Prototype]]: ƒ ()[[Scopes]]: Scopes[0]Symbol(Symbol.toStringTag): "Response"get body: ƒ body()get bodyUsed: ƒ bodyUsed()get headers: ƒ headers()get ok: ƒ ok()get redirected: ƒ redirected()get status: ƒ status()get statusText: ƒ statusText()get type: ƒ type()get url: ƒ url()[[Prototype]]: Object[[Prototype]]: ƒ ()[[Scopes]]: Scopes[0]Symbol(Symbol.toStringTag): "Response"get body: ƒ body()get bodyUsed: ƒ bodyUsed()get headers: ƒ headers()get ok: ƒ ok()get redirected: ƒ redirected()get status: ƒ status()get statusText: ƒ statusText()get type: ƒ type()get url: ƒ url()[[Prototype]]: Object[[Prototype]]: ƒ ()[[Scopes]]: Scopes[0]Symbol(Symbol.toStringTag): "Response"get body: ƒ body()get bodyUsed: ƒ bodyUsed()get headers: ƒ headers()get ok: ƒ ok()get redirected: ƒ redirected()get status: ƒ status()get statusText: ƒ statusText()get type: ƒ type()get url: ƒ url()[[Prototype]]: Object[[Prototype]]: ƒ ()[[Scopes]]: Scopes[0]Symbol(Symbol.toStringTag): "Response"get body: ƒ body()get bodyUsed: ƒ bodyUsed()get headers: ƒ headers()get ok: ƒ ok()get redirected: ƒ redirected()get status: ƒ status()get statusText: ƒ statusText()get type: ƒ type()get url: ƒ url()[[Prototype]]: Object[[Prototype]]: ƒ ()[[Scopes]]: Scopes[0]Symbol(Symbol.toStringTag): "Response"get body: ƒ body()get bodyUsed: ƒ bodyUsed()get headers: ƒ headers()get ok: ƒ ok()get redirected: ƒ redirected()get status: ƒ status()get statusText: ƒ statusText()get type: ƒ type()get url: ƒ url()[[Prototype]]: Object[[Prototype]]: ƒ ()[[Scopes]]: Scopes[0]Symbol(Symbol.toStringTag): "Response"get body: ƒ body()get bodyUsed: ƒ bodyUsed()get headers: ƒ headers()get ok: ƒ ok()get redirected: ƒ redirected()get status: ƒ status()get statusText: ƒ statusText()get type: ƒ type()get url: ƒ url()[[Prototype]]: Object[[Prototype]]: ƒ ()[[Scopes]]: Scopes[0]Symbol(Symbol.toStringTag): "Response"get body: ƒ body()get bodyUsed: ƒ bodyUsed()get headers: ƒ headers()get ok: ƒ ok()get redirected: ƒ redirected()get status: ƒ status()get statusText: ƒ statusText()get type: ƒ type()get url: ƒ url()[[Prototype]]: Object[[Prototype]]: ƒ ()[[Scopes]]: Scopes[0]Symbol(Symbol.toStringTag): "Response"get body: ƒ body()get bodyUsed: ƒ bodyUsed()get headers: ƒ headers()get ok: ƒ ok()get redirected: ƒ redirected()get status: ƒ status()get statusText: ƒ statusText()get type: ƒ type()get url: ƒ url()[[Prototype]]: Object[[Prototype]]: ƒ ()[[Scopes]]: Scopes[0]Symbol(Symbol.toStringTag): "Response"get body: ƒ body()get bodyUsed: ƒ bodyUsed()get headers: ƒ headers()get ok: ƒ ok()get redirected: ƒ redirected()get status: ƒ status()get statusText: ƒ statusText()get type: ƒ type()get url: ƒ url()[[Prototype]]: Object[[Prototype]]: ƒ ()[[Scopes]]: Scopes[0]Symbol(Symbol.toStringTag): "Response"get body: ƒ body()get bodyUsed: ƒ bodyUsed()get headers: ƒ headers()get ok: ƒ ok()get redirected: ƒ redirected()get status: ƒ status()get statusText: ƒ statusText()get type: ƒ type()get url: ƒ url()[[Prototype]]: Object[[Prototype]]: ƒ ()[[Scopes]]: Scopes[0]Symbol(Symbol.toStringTag): "Response"get body: ƒ body()get bodyUsed: ƒ bodyUsed()get headers: ƒ headers()get ok: ƒ ok()get redirected: ƒ redirected()get status: ƒ status()get statusText: ƒ statusText()get type: ƒ type()get url: ƒ url()[[Prototype]]: Object[[Prototype]]: ƒ ()[[Scopes]]: Scopes[0]Symbol(Symbol.toStringTag): "Response"get body: ƒ body()get bodyUsed: ƒ bodyUsed()get headers: ƒ headers()get ok: ƒ ok()get redirected: ƒ redirected()get status: ƒ status()get statusText: ƒ statusText()get type: ƒ type()get url: ƒ url()[[Prototype]]: Object
apiAssignors.js:45 {message: 'Bad Request Exception', error: 'Bad Request', statusCode: 400}
apiAssignors.js:50 Error creating assignor: HTTP error! Status: 400
overrideMethod @ console.js:273
createAssignor @ apiAssignors.js:50
await in createAssignor (async)
fn @ chunk-NH5GANFO.js?v=1b134187:1126
run @ chunk-NH5GANFO.js?v=1b134187:433
start @ chunk-NH5GANFO.js?v=1b134187:475
execute @ chunk-NH5GANFO.js?v=1b134187:1162
await in execute (async)
mutate @ chunk-NH5GANFO.js?v=1b134187:2533
(anonymous) @ chunk-NH5GANFO.js?v=1b134187:3107
onSubmit @ CreateAssignorForm.tsx:41
(anonymous) @ react-hook-form.js?v=1b134187:1637
await in (anonymous) (async)
callCallback2 @ chunk-TUNGCKGJ.js?v=1b134187:3674
invokeGuardedCallbackDev @ chunk-TUNGCKGJ.js?v=1b134187:3699
invokeGuardedCallback @ chunk-TUNGCKGJ.js?v=1b134187:3733
invokeGuardedCallbackAndCatchFirstError @ chunk-TUNGCKGJ.js?v=1b134187:3736
executeDispatch @ chunk-TUNGCKGJ.js?v=1b134187:7016
processDispatchQueueItemsInOrder @ chunk-TUNGCKGJ.js?v=1b134187:7036
processDispatchQueue @ chunk-TUNGCKGJ.js?v=1b134187:7045
dispatchEventsForPlugins @ chunk-TUNGCKGJ.js?v=1b134187:7053
(anonymous) @ chunk-TUNGCKGJ.js?v=1b134187:7177
batchedUpdates$1 @ chunk-TUNGCKGJ.js?v=1b134187:18941
batchedUpdates @ chunk-TUNGCKGJ.js?v=1b134187:3579
dispatchEventForPluginEventSystem @ chunk-TUNGCKGJ.js?v=1b134187:7176
dispatchEventWithEnableCapturePhaseSelectiveHydrationWithoutDiscreteEventReplay @ chunk-TUNGCKGJ.js?v=1b134187:5478
dispatchEvent @ chunk-TUNGCKGJ.js?v=1b134187:5472
dispatchDiscreteEvent @ chunk-TUNGCKGJ.js?v=1b134187:5449
Show 23 more frames
Show less
VM2231 vitals.js:254 [Web Vitals Extension] Interaction 32 ms (good)
cedentes:1 Uncaught (in promise) Error: A listener indicated an asynchronous response by returning true, but the message channel closed before a response was received
cedentes:1 Uncaught (in promise) Error: A listener indicated an asynchronous response by returning true, but the message channel closed before a response was received
cedentes:1 Uncaught (in promise) Error: A listener indicated an asynchronous response by returning true, but the message channel closed before a response was received
cedentes:1 Uncaught (in promise) Error: A listener indicated an asynchronous response by returning true, but the message channel closed before a response was received
cedentes:1 Uncaught (in promise) Error: A listener indicated an asynchronous response by returning true, but the message channel closed before a response was received
Promise.finally (async)
value @ overlays.js:1
value @ overlays.js:1
(anonymous) @ overlays.js:1
c @ overlays.js:1
(anonymous) @ overlays.js:1
(anonymous) @ overlays.js:1
Sr @ overlays.js:1
a @ overlays.js:1
(anonymous) @ overlays.js:1
(anonymous) @ overlays.js:1
(anonymous) @ overlays.js:1
r @ overlays.js:1
(anonymous) @ overlays.js:1
(anonymous) @ overlays.js:1
